[2019-11-25 13:54:19] START
[2019-11-25 14:08:26] CREATE campaign.py: 0
[2019-11-25 14:17:28] EDIT FGXRat/controllers/default.py: -3
[2019-11-25 14:18:19] EDIT FGXRat/controllers/default.py: -1
[2019-11-25 14:21:06] EDIT FGXRat/models/campaign.py: 1
[2019-11-25 14:22:36] EDIT FGXRat/models/db.py: 1
[2019-11-25 14:26:58] DELETE FGXRat/models/campaign.py: -1
[2019-11-25 14:27:06] CREATE fgxrat.py: 0
[2019-11-25 14:27:45] EDIT FGXRat/models/fgxrat.py: 1
[2019-11-25 14:31:30] EDIT FGXRat/models/fgxrat.py: 2
[2019-11-25 14:34:54] EDIT FGXRat/views/layout.html: -6
[2019-11-25 14:35:44] EDIT FGXRat/views/default/index.html: 0
[2019-11-25 14:36:22] EDIT FGXRat/views/default/index.html: 0
[2019-11-25 14:46:30] EDIT FGXRat/views/default/index.html: 7
[2019-11-25 14:47:38] EDIT FGXRat/views/default/index.html: 0
[2019-11-25 14:51:13] EDIT FGXRat/views/default/index.html: 0
[2019-11-25 14:51:59] EDIT FGXRat/views/default/index.html: 2
[2019-11-25 14:53:03] EDIT FGXRat/views/default/index.html: -2
[2019-11-25 14:53:50] EDIT FGXRat/views/default/index.html: 1
[2019-11-25 14:58:16] EDIT FGXRat/views/default/index.html: -11
[2019-11-25 14:58:39] CREATE campaigns.py: 0
[2019-11-25 14:59:47] EDIT FGXRat/controllers/campaigns.py: 3
[2019-11-25 15:00:28] EDIT FGXRat/controllers/campaigns.py: 0
[2019-11-25 15:01:20] EDIT FGXRat/controllers/campaigns.py: -1
[2019-11-25 15:07:10] CREATE campaigns/index.html: 0
[2019-11-25 15:07:48] EDIT FGXRat/controllers/campaigns.py: 0
[2019-11-25 15:08:31] EDIT FGXRat/controllers/campaigns.py: 0
[2019-11-25 15:08:33] EDIT FGXRat/views/campaigns/index.html: 0
[2019-11-25 15:12:42] EDIT FGXRat/views/campaigns/index.html: 6
[2019-11-25 15:13:00] EDIT FGXRat/views/campaigns/index.html: 0
[2019-11-25 15:13:03] EDIT FGXRat/views/campaigns/index.html: 0
[2019-11-25 15:13:27] EDIT FGXRat/controllers/campaigns.py: 0
[2019-11-25 15:14:09] EDIT FGXRat/views/campaigns/index.html: 0
[2019-11-25 15:16:20] EDIT FGXRat/views/campaigns/index.html: 1
[2019-11-25 15:20:23] EDIT FGXRat/views/default/index.html: 0
[2019-11-25 15:21:30] EDIT FGXRat/controllers/campaigns.py: 0
[2019-11-25 15:21:48] EDIT FGXRat/views/campaigns/index.html: 0
[2019-11-25 15:23:15] EDIT FGXRat/views/campaigns/index.html: 0
[2019-11-25 15:23:22] EDIT FGXRat/views/campaigns/index.html: 0
[2019-11-25 15:25:03] EDIT FGXRat/views/campaigns/index.html: 2
[2019-11-25 15:25:33] EDIT FGXRat/views/campaigns/index.html: 0
[2019-11-25 15:26:09] EDIT FGXRat/views/campaigns/index.html: 2
[2019-11-25 15:29:21] DELETE FGXRat/views/campaigns/index.html.1: -9
[2019-11-25 15:31:27] EDIT FGXRat/views/default/index.html: -5
[2019-11-25 15:33:20] EDIT FGXRat/views/campaigns/index.html: 27
[2019-11-25 15:33:26] EDIT FGXRat/views/campaigns/index.html: 0
[2019-11-25 15:33:56] EDIT FGXRat/controllers/campaigns.py: 1
[2019-11-25 15:35:04] EDIT FGXRat/views/campaigns/index.html: 0
[2019-11-25 15:35:06] EDIT FGXRat/controllers/campaigns.py: 0
[2019-11-25 15:36:23] EDIT FGXRat/views/campaigns/index.html: 6
[2019-11-25 15:36:28] EDIT FGXRat/views/campaigns/index.html: 0
[2019-11-25 15:37:18] EDIT FGXRat/views/default/index.html: 5
[2019-11-25 15:37:47] EDIT FGXRat/controllers/default.py: -1
[2019-11-25 15:38:27] EDIT FGXRat/controllers/default.py: 0
[2019-11-25 15:38:42] EDIT FGXRat/controllers/default.py: 1
[2019-11-25 15:39:17] EDIT FGXRat/controllers/campaigns.py: 0
[2019-11-25 15:39:42] EDIT FGXRat/controllers/campaigns.py: 0
[2019-11-25 15:40:12] EDIT FGXRat/views/campaigns/index.html: 0
[2019-11-25 15:42:09] EDIT FGXRat/views/campaigns/index.html: -4
[2019-11-25 15:42:33] EDIT FGXRat/views/campaigns/index.html: -5
[2019-11-25 15:42:45] EDIT FGXRat/views/campaigns/index.html: 5
[2019-11-25 15:42:50] EDIT FGXRat/views/campaigns/index.html: -1
[2019-11-25 15:44:00] EDIT FGXRat/views/default/index.html: -6
[2019-11-25 15:44:29] EDIT FGXRat/views/campaigns/index.html: 2
[2019-11-25 15:44:48] EDIT FGXRat/views/campaigns/index.html: 0
[2019-11-25 15:45:00] EDIT FGXRat/views/campaigns/index.html: 0
[2019-11-25 15:45:16] EDIT FGXRat/controllers/campaigns.py: 0
[2019-11-25 15:45:57] EDIT FGXRat/views/campaigns/index.html: 0
[2019-11-25 15:46:19] EDIT FGXRat/views/campaigns/index.html: 1
[2019-11-25 15:46:50] EDIT FGXRat/views/campaigns/index.html: -2
[2019-11-25 15:50:27] EDIT FGXRat/views/campaigns/index.html: -1
[2019-11-25 15:51:04] EDIT FGXRat/views/campaigns/index.html: -1
[2019-11-25 15:57:00] EDIT FGXRat/views/default/index.html: 5
[2019-11-25 15:57:49] EDIT FGXRat/views/default/index.html: 0
[2019-11-25 15:58:48] EDIT FGXRat/views/default/index.html: 0
[2019-11-25 15:59:41] EDIT FGXRat/views/default/index.html: 0
[2019-11-25 16:00:27] EDIT FGXRat/views/default/index.html: 4
[2019-11-25 16:01:24] EDIT FGXRat/views/default/index.html: -4
[2019-11-25 16:04:02] EDIT FGXRat/views/default/index.html: 0
[2019-11-25 16:05:30] EDIT FGXRat/views/default/index.html: 0
[2019-11-25 16:08:26] EDIT FGXRat/views/default/index.html: 0
[2019-11-25 16:09:15] EDIT FGXRat/views/default/index.html: 0
[2019-11-25 16:09:49] EDIT FGXRat/views/campaigns/index.html: 1
[2019-11-25 16:14:32] EDIT FGXRat/models/fgxrat.py: 2
[2019-11-25 16:14:39] EDIT FGXRat/models/fgxrat.py: -1
[2019-11-25 16:14:47] EDIT FGXRat/models/fgxrat.py: 0
[2019-11-25 16:14:58] EDIT FGXRat/models/fgxrat.py: 0
[2019-11-25 16:21:25] EDIT FGXRat/controllers/default.py: 1
[2019-11-25 16:23:44] EDIT FGXRat/models/fgxrat.py: 0
[2019-11-25 16:24:55] EDIT FGXRat/controllers/campaigns.py: 2
[2019-11-25 16:25:11] EDIT FGXRat/models/fgxrat.py: 0
[2019-11-25 16:26:47] EDIT FGXRat/models/fgxrat.py: 0
[2019-11-25 16:27:45] EDIT FGXRat/models/fgxrat.py: 0
[2019-11-25 16:29:06] EDIT FGXRat/views/default/index.html: -1
[2019-11-25 16:29:51] EDIT FGXRat/controllers/campaigns.py: 0
[2019-11-25 16:30:01] EDIT FGXRat/views/default/index.html: 1
[2019-11-25 16:30:22] EDIT FGXRat/controllers/campaigns.py: -1
[2019-11-25 16:31:27] EDIT FGXRat/models/fgxrat.py: 0
[2019-11-25 16:31:36] EDIT FGXRat/models/fgxrat.py: -1
[2019-11-25 16:34:10] EDIT FGXRat/models/fgxrat.py: 0
[2019-11-25 16:34:58] EDIT FGXRat/models/fgxrat.py: 0
[2019-11-25 16:38:48] EDIT FGXRat/views/default/index.html: 4
[2019-11-25 16:41:22] EDIT FGXRat/views/default/index.html: 0
[2019-11-25 16:42:56] EDIT FGXRat/controllers/campaigns.py: -1
[2019-11-25 16:43:36] EDIT FGXRat/views/campaigns/index.html: 2
[2019-11-25 16:46:02] DELETE FGXRat/views/campaigns/index.html.1: -47
[2019-11-25 16:46:16] CREATE campaigns/show.html: 0
[2019-11-25 16:46:31] EDIT FGXRat/controllers/campaigns.py: 2
[2019-11-25 16:50:30] EDIT FGXRat/views/campaigns/show.html: 43
[2019-11-25 16:55:52] EDIT FGXRat/views/default/index.html: 0
[2019-11-25 16:56:30] EDIT FGXRat/views/campaigns/index.html: 0
[2019-11-25 16:58:06] EDIT FGXRat/controllers/campaigns.py: 1
[2019-11-25 16:58:21] EDIT FGXRat/controllers/campaigns.py: 0
[2019-11-25 16:58:32] EDIT FGXRat/views/campaigns/show.html: 0
[2019-11-25 16:59:43] EDIT FGXRat/views/default/index.html: 0
[2019-11-25 16:59:57] EDIT FGXRat/views/default/index.html: 0
[2019-11-25 17:01:08] EDIT FGXRat/controllers/campaigns.py: 0
[2019-11-25 17:05:05] EDIT FGXRat/views/campaigns/show.html: 3
[2019-11-25 17:06:14] EDIT FGXRat/views/campaigns/show.html: 1
[2019-11-25 17:06:31] EDIT FGXRat/views/campaigns/show.html: 1
[2019-11-25 17:06:42] EDIT FGXRat/views/campaigns/show.html: 0
[2019-11-25 17:08:07] EDIT FGXRat/views/campaigns/show.html: 0
[2019-11-25 17:10:20] EDIT FGXRat/views/campaigns/show.html: 2
[2019-11-25 17:10:55] EDIT FGXRat/views/campaigns/show.html: 2
[2019-11-25 17:12:10] EDIT FGXRat/views/campaigns/show.html: 2
[2019-11-25 17:12:28] EDIT FGXRat/views/campaigns/show.html: 0
[2019-11-25 17:22:06] EDIT FGXRat/models/fgxrat.py: 6
[2019-11-25 17:22:25] EDIT FGXRat/models/fgxrat.py: 0
[2019-11-25 17:22:34] EDIT FGXRat/models/fgxrat.py: 0
[2019-11-25 17:23:27] EDIT FGXRat/models/fgxrat.py: 0
[2019-11-25 17:24:50] EDIT FGXRat/models/fgxrat.py: 0
[2019-11-25 17:26:03] EDIT FGXRat/controllers/campaigns.py: 1
[2019-11-25 17:26:11] EDIT FGXRat/controllers/campaigns.py: 0
[2019-11-25 17:27:18] EDIT FGXRat/views/campaigns/show.html: -4
[2019-11-25 17:28:55] EDIT FGXRat/views/campaigns/show.html: 0
[2019-11-25 17:29:48] EDIT FGXRat/controllers/campaigns.py: 1
[2019-11-25 17:29:54] EDIT FGXRat/views/campaigns/show.html: 0
[2019-11-25 17:30:48] EDIT FGXRat/controllers/campaigns.py: 0
[2019-11-25 17:33:15] EDIT FGXRat/controllers/campaigns.py: 0
[2019-11-25 17:33:45] EDIT FGXRat/controllers/campaigns.py: 0
[2019-11-25 17:34:55] EDIT FGXRat/models/fgxrat.py: 0
[2019-11-25 17:35:07] EDIT FGXRat/controllers/campaigns.py: 0
[2019-11-25 17:36:00] EDIT FGXRat/views/campaigns/show.html: 1
[2019-11-25 17:37:29] EDIT FGXRat/controllers/campaigns.py: 0
[2019-11-27 09:42:01] DELETE FGXRat/views/campaigns/show.html.1: -49
[2019-11-27 09:45:41] EDIT FGXRat/views/campaigns/show.html: -2
[2019-11-27 09:46:10] EDIT FGXRat/views/campaigns/show.html: 1
[2019-11-27 09:46:51] EDIT FGXRat/views/campaigns/show.html: -4
[2019-11-27 11:15:10] EDIT FGXRat/controllers/campaigns.py: 2
[2019-11-27 12:09:16] EDIT FGXRat/views/campaigns/show.html: 4
[2019-11-27 12:09:32] EDIT FGXRat/views/campaigns/show.html: 0
[2019-11-27 12:10:39] EDIT FGXRat/models/fgxrat.py: 1
[2019-11-27 12:12:00] EDIT FGXRat/views/campaigns/show.html: 0
[2019-11-27 12:12:15] EDIT FGXRat/views/campaigns/show.html: 0
[2019-11-27 12:12:17] EDIT FGXRat/controllers/campaigns.py: 2
[2019-11-27 12:12:28] EDIT FGXRat/controllers/campaigns.py: -1
[2019-11-27 12:12:31] EDIT FGXRat/controllers/campaigns.py: 0
[2019-11-27 12:13:16] EDIT FGXRat/controllers/campaigns.py: 0
[2019-11-27 12:13:36] EDIT FGXRat/controllers/campaigns.py: 0
[2019-11-27 12:13:52] EDIT FGXRat/controllers/campaigns.py: 0
[2019-11-27 12:14:39] EDIT FGXRat/views/campaigns/show.html: 1
[2019-11-27 12:18:07] EDIT FGXRat/views/campaigns/show.html: 4
[2019-11-27 12:18:38] EDIT FGXRat/views/campaigns/show.html: 0
[2019-11-27 12:22:21] EDIT FGXRat/views/campaigns/show.html: 0
[2019-11-27 12:24:01] EDIT FGXRat/controllers/campaigns.py: 3
[2019-11-27 12:24:24] EDIT FGXRat/controllers/campaigns.py: 0
[2019-11-27 12:24:35] EDIT FGXRat/controllers/campaigns.py: 0
[2019-11-27 12:25:14] EDIT FGXRat/controllers/campaigns.py: -1
[2019-11-27 12:27:14] EDIT FGXRat/controllers/campaigns.py: 1
[2019-11-27 12:28:00] EDIT FGXRat/controllers/campaigns.py: 0
[2019-11-27 12:29:41] EDIT FGXRat/views/campaigns/show.html: 0
[2019-11-27 12:32:03] EDIT FGXRat/controllers/campaigns.py: 0
[2019-11-27 12:32:23] EDIT FGXRat/controllers/campaigns.py: 0
[2019-11-27 12:32:57] EDIT FGXRat/controllers/campaigns.py: 0
[2019-11-27 12:33:09] EDIT FGXRat/views/campaigns/show.html: 0
[2019-11-27 12:33:26] EDIT FGXRat/views/campaigns/show.html: 0
[2019-11-27 12:33:29] EDIT FGXRat/controllers/campaigns.py: 0
[2019-11-27 12:35:20] EDIT FGXRat/controllers/campaigns.py: 0
[2019-11-27 12:35:45] EDIT FGXRat/controllers/campaigns.py: 4
[2019-11-27 12:35:58] EDIT FGXRat/views/campaigns/show.html: 0
[2019-11-27 12:42:12] EDIT FGXRat/controllers/campaigns.py: 5
[2019-11-27 12:43:47] EDIT FGXRat/controllers/campaigns.py: 0
[2019-11-27 12:44:00] EDIT FGXRat/controllers/campaigns.py: 0
[2019-11-27 12:44:15] EDIT FGXRat/controllers/campaigns.py: 0
[2019-11-27 12:45:41] EDIT FGXRat/controllers/campaigns.py: 1
[2019-11-27 12:46:00] EDIT FGXRat/controllers/campaigns.py: 0
[2019-11-27 12:46:02] EDIT FGXRat/controllers/campaigns.py: 0
[2019-11-27 12:46:32] EDIT FGXRat/controllers/campaigns.py: 0
[2019-11-27 12:47:54] EDIT FGXRat/controllers/campaigns.py: 0
[2019-11-27 12:48:13] EDIT FGXRat/controllers/campaigns.py: 0
[2019-11-27 12:48:50] EDIT FGXRat/controllers/campaigns.py: 1
[2019-11-27 12:49:28] EDIT FGXRat/views/campaigns/show.html: 1
[2019-11-27 12:49:45] EDIT FGXRat/views/campaigns/show.html: 0
[2019-11-27 12:50:01] EDIT FGXRat/views/campaigns/show.html: 0
[2019-11-27 12:51:39] EDIT FGXRat/views/campaigns/show.html: 0
[2019-11-27 12:51:51] EDIT FGXRat/controllers/campaigns.py: 0
[2019-11-27 12:52:09] EDIT FGXRat/controllers/campaigns.py: 0
[2019-11-27 12:52:16] EDIT FGXRat/views/campaigns/show.html: 0
[2019-11-27 12:52:35] EDIT FGXRat/views/campaigns/show.html: -1
[2019-11-27 12:52:51] EDIT FGXRat/views/campaigns/show.html: 0
[2019-11-27 12:53:01] EDIT FGXRat/views/campaigns/show.html: 0
[2019-11-27 12:54:19] EDIT FGXRat/controllers/campaigns.py: 0
[2019-11-27 12:54:28] EDIT FGXRat/views/campaigns/show.html: 0
[2019-11-27 12:54:43] EDIT FGXRat/views/campaigns/show.html: 0
[2019-11-27 12:55:06] EDIT FGXRat/views/campaigns/show.html: 0
[2019-11-27 12:55:21] EDIT FGXRat/controllers/campaigns.py: 0
[2019-11-27 12:56:44] EDIT FGXRat/controllers/campaigns.py: 1
[2019-11-27 12:56:54] EDIT FGXRat/controllers/campaigns.py: 0
[2019-11-27 13:00:33] EDIT FGXRat/controllers/campaigns.py: 0
[2019-11-27 13:01:31] EDIT FGXRat/controllers/campaigns.py: 1
[2019-11-27 13:02:12] EDIT FGXRat/controllers/campaigns.py: 0
[2019-11-27 13:02:36] EDIT FGXRat/controllers/campaigns.py: 0
[2019-11-27 13:03:23] EDIT FGXRat/views/campaigns/show.html: 0
[2019-11-27 13:03:38] EDIT FGXRat/views/campaigns/show.html: 0
[2019-11-27 13:04:03] EDIT FGXRat/controllers/campaigns.py: 0
[2019-11-27 13:06:02] EDIT FGXRat/controllers/campaigns.py: 1
[2019-11-27 13:06:14] EDIT FGXRat/controllers/campaigns.py: 0
[2019-11-27 13:08:40] EDIT FGXRat/controllers/campaigns.py: -1
[2019-11-27 13:08:56] EDIT FGXRat/controllers/campaigns.py: 0
[2019-11-27 13:10:12] EDIT FGXRat/controllers/campaigns.py: 0
[2019-11-27 13:11:09] EDIT FGXRat/views/campaigns/show.html: 1
[2019-11-27 13:11:19] EDIT FGXRat/controllers/campaigns.py: 0
[2019-11-27 13:11:58] EDIT FGXRat/views/campaigns/show.html: 0
[2019-11-27 13:12:21] EDIT FGXRat/views/campaigns/show.html: 0
[2019-11-27 13:13:35] EDIT FGXRat/controllers/campaigns.py: 0
[2019-11-27 13:13:49] EDIT FGXRat/controllers/campaigns.py: 0
[2019-11-27 13:14:20] EDIT FGXRat/controllers/campaigns.py: 0
[2019-11-27 13:14:44] EDIT FGXRat/controllers/campaigns.py: 0
[2019-11-27 13:18:27] EDIT FGXRat/controllers/campaigns.py: 0
[2019-11-27 13:18:55] EDIT FGXRat/views/campaigns/show.html: 0
[2019-11-27 13:19:26] EDIT FGXRat/controllers/campaigns.py: 0
[2019-11-27 13:19:49] EDIT FGXRat/views/campaigns/show.html: 0
[2019-11-27 13:20:58] EDIT FGXRat/controllers/campaigns.py: 1
[2019-11-27 13:21:45] EDIT FGXRat/controllers/campaigns.py: -1
[2019-11-27 13:21:49] EDIT FGXRat/controllers/campaigns.py: 0
[2019-11-27 13:22:22] EDIT FGXRat/controllers/campaigns.py: -1
[2019-11-27 13:22:51] EDIT FGXRat/controllers/campaigns.py: 0
[2019-11-27 13:23:42] EDIT FGXRat/controllers/campaigns.py: 0
[2019-11-27 13:24:24] EDIT FGXRat/controllers/campaigns.py: 0
[2019-11-27 13:24:33] EDIT FGXRat/controllers/campaigns.py: 0
[2019-11-27 13:24:53] EDIT FGXRat/controllers/campaigns.py: 0
[2019-11-27 13:25:53] EDIT FGXRat/controllers/campaigns.py: 0
[2019-11-27 13:26:19] EDIT FGXRat/controllers/campaigns.py: 0
[2019-11-27 13:27:07] EDIT FGXRat/controllers/campaigns.py: -1
[2019-11-27 13:27:50] EDIT FGXRat/controllers/campaigns.py: -4
[2019-11-27 13:28:05] EDIT FGXRat/controllers/campaigns.py: -1
[2019-11-27 13:28:21] EDIT FGXRat/views/campaigns/show.html: -1
[2019-11-27 14:31:44] EDIT FGXRat/models/fgxrat.py: 3
[2019-11-27 14:32:51] EDIT FGXRat/models/fgxrat.py: 1
[2019-11-27 14:33:35] EDIT FGXRat/controllers/campaigns.py: 8
[2019-11-27 14:45:25] EDIT FGXRat/controllers/campaigns.py: 12
[2019-11-27 14:46:11] EDIT FGXRat/controllers/campaigns.py: 0
[2019-11-27 14:49:22] EDIT FGXRat/controllers/campaigns.py: 0
[2019-11-27 14:52:41] EDIT FGXRat/controllers/campaigns.py: 1
[2019-11-27 14:53:30] EDIT FGXRat/controllers/campaigns.py: 0
[2019-11-27 14:55:58] EDIT FGXRat/controllers/campaigns.py: 1
[2019-11-27 14:56:39] EDIT FGXRat/controllers/campaigns.py: 0
[2019-11-27 14:58:58] EDIT FGXRat/controllers/campaigns.py: 0
[2019-11-27 15:00:14] EDIT FGXRat/controllers/campaigns.py: 2
[2019-11-27 15:01:40] EDIT FGXRat/controllers/campaigns.py: 4
[2019-11-27 15:01:57] EDIT FGXRat/controllers/campaigns.py: 0
[2019-11-27 15:03:06] EDIT FGXRat/controllers/campaigns.py: 0
[2019-11-27 15:05:22] EDIT FGXRat/controllers/campaigns.py: 0
[2019-11-27 15:09:31] EDIT FGXRat/views/campaigns/show.html: 1
[2019-11-27 15:09:57] EDIT FGXRat/controllers/campaigns.py: 2
[2019-11-27 15:10:03] EDIT FGXRat/views/campaigns/show.html: 0
[2019-11-27 15:24:36] EDIT FGXRat/controllers/campaigns.py: 0
[2019-11-27 15:25:15] EDIT FGXRat/controllers/campaigns.py: 0
[2019-11-27 15:28:07] EDIT FGXRat/controllers/campaigns.py: 0
[2019-11-27 15:31:21] EDIT FGXRat/controllers/campaigns.py: 1
[2019-11-27 15:37:22] EDIT FGXRat/controllers/campaigns.py: 0
[2019-11-27 15:58:05] EDIT FGXRat/models/fgxrat.py: 0
[2019-11-27 16:17:51] EDIT FGXRat/controllers/campaigns.py: 2
[2019-11-27 16:21:31] EDIT FGXRat/controllers/campaigns.py: 0
[2019-11-27 16:47:00] EDIT FGXRat/controllers/campaigns.py: -1
[2019-11-27 17:12:40] EDIT FGXRat/controllers/campaigns.py: 0
[2019-11-27 17:22:59] EDIT FGXRat/controllers/campaigns.py: 0
[2019-11-27 18:13:45] EDIT FGXRat/models/fgxrat.py: 1
[2019-11-27 18:14:19] EDIT FGXRat/models/fgxrat.py: 0
[2019-11-27 18:15:30] EDIT FGXRat/controllers/campaigns.py: 3
[2019-11-27 18:15:40] EDIT FGXRat/controllers/campaigns.py: 0
[2019-11-27 18:15:50] EDIT FGXRat/controllers/campaigns.py: 1
[2019-11-27 18:15:57] EDIT FGXRat/controllers/campaigns.py: 0
[2019-11-27 18:16:21] EDIT FGXRat/controllers/campaigns.py: 0
[2019-11-27 18:26:23] EDIT FGXRat/views/__init__.py: 1
[2019-11-27 18:29:09] EDIT FGXRat/controllers/campaigns.py: 1
[2019-11-27 18:31:03] EDIT FGXRat/controllers/campaigns.py: 1
[2019-11-27 18:31:21] EDIT FGXRat/controllers/campaigns.py: 0
[2019-11-27 18:32:11] EDIT FGXRat/controllers/campaigns.py: 0
[2019-11-27 18:33:47] EDIT FGXRat/controllers/campaigns.py: 0
[2019-11-27 18:38:52] EDIT FGXRat/modules/__init__.py: 4
[2019-11-27 18:38:59] EDIT FGXRat/modules/__init__.py: 0
[2019-11-27 18:39:15] EDIT FGXRat/modules/__init__.py: 0
[2019-11-27 18:39:29] EDIT FGXRat/modules/__init__.py: 0
[2019-11-27 18:40:18] EDIT FGXRat/controllers/campaigns.py: -2
[2019-11-27 18:40:34] EDIT FGXRat/modules/__init__.py: 1
[2019-11-27 18:40:50] EDIT FGXRat/modules/__init__.py: -5
[2019-11-27 18:45:16] CREATE __init__.py: 0
[2019-11-27 18:45:30] EDIT FGXRat/models/__init__.py: 5
[2019-11-27 18:47:51] EDIT FGXRat/controllers/campaigns.py: 0
[2019-11-28 11:36:05] EDIT FGXRat/controllers/campaigns.py: 0
[2019-11-28 11:36:45] EDIT FGXRat/controllers/campaigns.py: 0
[2019-11-28 12:13:17] EDIT FGXRat/controllers/campaigns.py: 12
[2019-11-28 12:14:19] EDIT FGXRat/controllers/campaigns.py: 0
[2019-11-28 12:15:20] EDIT FGXRat/controllers/campaigns.py: 1
[2019-11-28 12:15:27] EDIT FGXRat/controllers/campaigns.py: 0
[2019-11-28 12:21:04] EDIT FGXRat/controllers/campaigns.py: 1
[2019-11-28 12:22:11] EDIT FGXRat/controllers/campaigns.py: 1
[2019-11-28 12:24:13] EDIT FGXRat/controllers/campaigns.py: -1
[2019-11-28 12:25:19] EDIT FGXRat/controllers/campaigns.py: 0
[2019-11-28 12:37:18] EDIT FGXRat/controllers/campaigns.py: 7
[2019-11-28 12:37:54] EDIT FGXRat/controllers/campaigns.py: -1
[2019-11-28 12:44:39] EDIT FGXRat/models/fgxrat.py: 0
[2019-11-28 12:46:31] EDIT FGXRat/controllers/campaigns.py: 0
[2019-11-28 12:51:59] EDIT FGXRat/controllers/campaigns.py: 1
[2019-11-28 13:36:41] EDIT FGXRat/controllers/campaigns.py: 0
[2019-11-28 13:36:57] EDIT FGXRat/controllers/campaigns.py: 0
[2019-11-28 13:42:44] EDIT FGXRat/controllers/campaigns.py: -1
[2019-11-28 13:44:51] EDIT FGXRat/controllers/campaigns.py: 0
[2019-11-28 13:45:04] EDIT FGXRat/views/campaigns/show.html: 0
[2019-11-28 13:46:04] EDIT FGXRat/views/campaigns/show.html: 0
[2019-11-28 13:46:23] EDIT FGXRat/views/campaigns/show.html: 0
[2019-11-28 13:48:18] EDIT FGXRat/views/campaigns/show.html: 0
[2019-11-28 14:00:00] EDIT FGXRat/controllers/campaigns.py: 0
[2019-11-28 14:00:53] EDIT FGXRat/controllers/campaigns.py: 0
[2019-11-28 14:13:35] EDIT FGXRat/controllers/campaigns.py: 1
[2019-11-28 14:15:23] EDIT FGXRat/controllers/campaigns.py: 0
[2019-11-28 14:16:35] EDIT FGXRat/controllers/campaigns.py: 1
[2019-11-28 14:23:59] EDIT FGXRat/views/campaigns/show.html: -1
[2019-11-28 14:27:35] EDIT FGXRat/controllers/campaigns.py: 0
[2019-11-28 14:35:46] EDIT FGXRat/models/menu.py: 1
[2019-11-28 14:50:00] EDIT FGXRat/views/campaigns/show.html: 0
[2019-11-28 14:53:13] EDIT FGXRat/controllers/campaigns.py: 0
[2019-11-28 14:53:59] EDIT FGXRat/controllers/campaigns.py: 0
[2019-11-28 14:54:17] EDIT FGXRat/controllers/campaigns.py: 0
[2019-11-28 14:57:01] EDIT FGXRat/controllers/campaigns.py: 1
[2019-11-28 14:57:29] EDIT FGXRat/controllers/campaigns.py: 1
[2019-11-28 14:58:52] EDIT FGXRat/controllers/campaigns.py: 0
[2019-11-28 15:01:27] EDIT FGXRat/controllers/campaigns.py: -2
[2019-11-28 15:02:00] EDIT FGXRat/controllers/campaigns.py: 0
[2019-11-28 15:02:42] EDIT FGXRat/controllers/campaigns.py: 0
[2019-11-28 15:05:01] EDIT FGXRat/views/campaigns/show.html: 0
[2019-11-28 15:05:18] EDIT FGXRat/views/campaigns/show.html: 0
[2019-11-28 15:05:35] EDIT FGXRat/views/campaigns/show.html: 0
[2019-11-28 15:05:54] EDIT FGXRat/views/campaigns/show.html: 0
[2019-11-28 15:06:32] EDIT FGXRat/views/campaigns/show.html: 0
[2019-11-28 15:07:57] EDIT FGXRat/views/campaigns/show.html: 2
[2019-11-28 15:09:24] EDIT FGXRat/controllers/campaigns.py: 0
[2019-11-28 15:11:24] EDIT FGXRat/controllers/campaigns.py: 5
[2019-11-28 15:12:16] EDIT FGXRat/controllers/campaigns.py: 1
[2019-11-28 15:12:57] EDIT FGXRat/controllers/campaigns.py: 0
[2019-11-28 15:23:08] EDIT FGXRat/controllers/campaigns.py: 0
[2019-11-28 15:25:26] EDIT FGXRat/controllers/campaigns.py: 0
[2019-11-29 09:53:58] EDIT FGXRat/controllers/campaigns.py: 3
[2019-11-29 09:56:40] EDIT FGXRat/controllers/campaigns.py: 0
[2019-11-29 10:04:57] EDIT FGXRat/controllers/campaigns.py: -1
[2019-11-29 10:19:07] EDIT FGXRat/controllers/campaigns.py: 0
[2019-11-29 10:24:08] EDIT FGXRat/models/fgxrat.py: 1
[2019-11-29 10:24:14] EDIT FGXRat/models/fgxrat.py: 0
[2019-11-29 10:24:21] EDIT FGXRat/models/fgxrat.py: 0
[2019-11-29 10:30:26] EDIT FGXRat/controllers/campaigns.py: 3
[2019-11-29 10:50:06] EDIT FGXRat/controllers/campaigns.py: 1
[2019-11-29 10:52:24] EDIT FGXRat/controllers/campaigns.py: 0
[2019-11-29 10:57:58] EDIT FGXRat/models/__init__.py: 1
[2019-11-29 11:01:30] EDIT FGXRat/controllers/campaigns.py: -1
[2019-11-29 11:01:55] EDIT FGXRat/controllers/campaigns.py: 0
[2019-11-29 11:04:03] EDIT FGXRat/models/__init__.py: 1
[2019-11-29 11:05:27] EDIT FGXRat/models/__init__.py: 0
[2019-11-29 11:05:50] EDIT FGXRat/models/__init__.py: 0
[2019-11-29 11:06:29] EDIT FGXRat/models/__init__.py: -1
[2019-11-29 11:07:21] EDIT FGXRat/modules/__init__.py: 1
[2019-11-29 11:07:43] EDIT FGXRat/modules/__init__.py: 1
[2019-11-29 11:07:45] EDIT FGXRat/modules/__init__.py: 0
[2019-11-29 11:09:56] EDIT FGXRat/models/fgxrat.py: 1
[2019-11-29 11:14:27] EDIT FGXRat/models/__init__.py: 1
[2019-11-29 11:14:38] EDIT FGXRat/models/fgxrat.py: -1
[2019-11-29 11:14:46] EDIT FGXRat/models/__init__.py: 1
[2019-11-29 11:18:29] EDIT FGXRat/models/__init__.py: 0
[2019-11-29 11:18:48] EDIT FGXRat/models/__init__.py: -1
[2019-11-29 11:19:12] EDIT FGXRat/models/__init__.py: -1
[2019-11-29 11:19:18] EDIT FGXRat/models/db.py: 2
[2019-11-29 11:19:38] EDIT FGXRat/models/db.py: 0
[2019-11-29 11:21:57] EDIT FGXRat/models/db.py: 0
[2019-11-29 11:22:43] EDIT FGXRat/modules/__init__.py: -2
[2019-11-29 11:22:46] EDIT FGXRat/modules/__init__.py: 0
[2019-11-29 11:24:06] EDIT FGXRat/controllers/campaigns.py: 0
[2019-11-29 11:25:22] EDIT FGXRat/controllers/campaigns.py: 3
[2019-11-29 11:26:25] EDIT FGXRat/controllers/campaigns.py: 0
[2019-11-29 11:27:46] EDIT FGXRat/controllers/campaigns.py: 0
[2019-11-29 11:28:04] EDIT FGXRat/controllers/campaigns.py: 0
[2019-11-29 11:33:12] EDIT FGXRat/controllers/campaigns.py: -1
[2019-11-29 12:19:04] EDIT FGXRat/models/__init__.py: 0
[2019-11-29 12:20:53] EDIT FGXRat/controllers/campaigns.py: -1
[2019-11-29 12:21:52] EDIT FGXRat/controllers/campaigns.py: -2
[2019-11-29 12:23:48] EDIT FGXRat/controllers/campaigns.py: 0
[2019-11-29 12:43:30] EDIT FGXRat/models/__init__.py: 1
[2019-11-29 12:50:55] EDIT FGXRat/controllers/campaigns.py: 3
[2019-11-29 12:51:21] EDIT FGXRat/controllers/campaigns.py: 0
[2019-11-29 12:52:26] EDIT FGXRat/controllers/campaigns.py: 0
[2019-11-29 12:52:52] EDIT FGXRat/models/__init__.py: 4
[2019-11-29 13:07:02] EDIT FGXRat/controllers/campaigns.py: 1
[2019-11-29 13:08:04] EDIT FGXRat/views/campaigns/show.html: 1
[2019-11-29 13:15:21] EDIT FGXRat/controllers/campaigns.py: -1
[2019-11-29 13:17:16] EDIT FGXRat/controllers/campaigns.py: 0
[2019-11-29 13:18:27] EDIT FGXRat/views/campaigns/show.html: -1
[2019-11-29 13:18:33] EDIT FGXRat/controllers/campaigns.py: -1
[2019-11-29 14:49:18] EDIT FGXRat/controllers/campaigns.py: 0
[2019-11-29 14:53:48] EDIT FGXRat/controllers/campaigns.py: 0
[2019-11-29 14:55:01] EDIT FGXRat/controllers/campaigns.py: 0
[2019-11-29 14:57:28] EDIT FGXRat/controllers/campaigns.py: 2
[2019-11-29 15:15:28] EDIT FGXRat/controllers/campaigns.py: 0
[2019-11-29 15:16:27] EDIT FGXRat/controllers/campaigns.py: 0
[2019-11-29 15:37:05] EDIT FGXRat/controllers/campaigns.py: 3
[2019-11-29 15:37:15] EDIT FGXRat/controllers/campaigns.py: -2
[2019-11-29 15:38:32] EDIT FGXRat/controllers/campaigns.py: 0
[2019-11-29 15:40:45] EDIT FGXRat/controllers/campaigns.py: -1
[2019-11-29 15:42:12] EDIT FGXRat/controllers/campaigns.py: 0
[2019-11-29 15:42:29] EDIT FGXRat/controllers/campaigns.py: 1
[2019-11-29 15:51:34] EDIT FGXRat/controllers/campaigns.py: 0
[2019-11-29 15:52:14] EDIT FGXRat/controllers/campaigns.py: 0
[2019-11-29 15:57:01] EDIT FGXRat/controllers/campaigns.py: 0
[2019-11-29 15:57:19] EDIT FGXRat/models/fgxrat.py: -1
[2019-11-29 15:57:40] EDIT FGXRat/models/__init__.py: -1
[2019-11-29 16:03:58] EDIT FGXRat/controllers/campaigns.py: -2
[2019-11-29 16:04:43] EDIT FGXRat/controllers/campaigns.py: 0
[2019-11-29 16:21:36] EDIT FGXRat/controllers/campaigns.py: 0
[2019-11-29 16:22:19] EDIT FGXRat/controllers/campaigns.py: 0
[2019-11-29 16:22:57] EDIT FGXRat/controllers/campaigns.py: 0
[2019-11-29 16:24:22] EDIT FGXRat/controllers/campaigns.py: 2
[2019-11-29 16:24:50] EDIT FGXRat/controllers/campaigns.py: 0
[2019-11-29 16:37:25] EDIT FGXRat/controllers/campaigns.py: 0
[2019-11-29 16:37:52] EDIT FGXRat/controllers/campaigns.py: 0
[2019-11-29 16:39:05] EDIT FGXRat/controllers/campaigns.py: 3
[2019-11-29 16:39:13] EDIT FGXRat/controllers/campaigns.py: 0
[2019-11-29 16:42:45] EDIT FGXRat/controllers/campaigns.py: 1
[2019-11-29 16:46:57] EDIT FGXRat/controllers/campaigns.py: 0
[2019-11-29 16:47:41] EDIT FGXRat/controllers/campaigns.py: 0
[2019-11-29 16:48:08] EDIT FGXRat/controllers/campaigns.py: 0
[2019-11-29 16:48:38] EDIT FGXRat/controllers/campaigns.py: 0
[2019-11-29 16:55:21] EDIT FGXRat/controllers/campaigns.py: 0
[2019-11-29 16:56:20] EDIT FGXRat/models/__init__.py: -1
[2019-11-29 17:01:38] EDIT FGXRat/models/__init__.py: 0
[2019-11-29 20:55:45] EDIT FGXRat/models/fgxrat.py: 23
[2019-11-29 21:01:16] EDIT FGXRat/models/fgxrat.py: 1
[2019-11-29 21:02:02] EDIT FGXRat/controllers/campaigns.py: 0
[2019-11-29 21:08:14] EDIT FGXRat/views/campaigns/show.html: 20
[2019-11-29 21:08:16] EDIT FGXRat/controllers/campaigns.py: 0
[2019-11-29 21:11:41] EDIT FGXRat/models/db.py: 0
[2019-11-29 21:13:19] EDIT FGXRat/controllers/campaigns.py: -1
[2019-11-29 21:22:29] EDIT FGXRat/models/db.py: 0
[2019-11-29 21:23:10] EDIT FGXRat/models/db.py: 0
[2019-11-29 21:23:45] EDIT FGXRat/models/fgxrat.py: 0
[2019-11-29 21:24:30] EDIT FGXRat/models/fgxrat.py: 0
[2019-11-29 21:25:12] EDIT FGXRat/models/db.py: -1
[2019-11-29 21:38:12] EDIT FGXRat/controllers/campaigns.py: 3
[2019-11-29 21:39:43] EDIT FGXRat/controllers/campaigns.py: -1
[2019-11-29 21:39:50] EDIT FGXRat/controllers/campaigns.py: 0
[2019-11-29 21:41:03] EDIT FGXRat/controllers/campaigns.py: 0
[2019-11-29 21:41:31] EDIT FGXRat/controllers/campaigns.py: 1
[2019-11-29 21:42:16] EDIT FGXRat/controllers/campaigns.py: -3
[2019-11-29 21:45:23] EDIT FGXRat/controllers/campaigns.py: 1
[2019-11-29 21:47:49] EDIT FGXRat/models/fgxrat.py: 1
[2019-11-29 21:49:41] EDIT FGXRat/views/campaigns/show.html: 0
[2019-11-29 21:52:06] EDIT FGXRat/views/campaigns/show.html: -1
[2019-11-29 21:52:31] EDIT FGXRat/views/campaigns/show.html: -10
[2019-11-29 21:52:59] EDIT FGXRat/views/campaigns/show.html: 11
[2019-11-29 21:53:22] EDIT FGXRat/controllers/campaigns.py: 1
[2019-11-29 21:53:34] EDIT FGXRat/controllers/campaigns.py: 0
[2019-11-29 21:53:46] EDIT FGXRat/controllers/campaigns.py: 0
[2019-11-29 21:55:09] EDIT FGXRat/controllers/campaigns.py: 0
[2019-11-29 21:55:28] EDIT FGXRat/controllers/campaigns.py: 0
[2019-11-29 22:00:11] EDIT FGXRat/views/campaigns/show.html: 0
[2019-11-29 22:00:33] EDIT FGXRat/views/campaigns/show.html: 0
[2019-11-29 22:00:50] EDIT FGXRat/views/campaigns/show.html: 0
[2019-11-29 22:00:57] EDIT FGXRat/views/campaigns/show.html: 0
[2019-11-29 22:02:11] EDIT FGXRat/views/campaigns/index.html: -9
[2019-11-29 22:02:23] EDIT FGXRat/views/campaigns/index.html: 9
[2019-11-29 22:03:23] EDIT FGXRat/views/campaigns/show.html: -9
[2019-11-29 22:04:02] EDIT FGXRat/views/campaigns/show.html: -1
[2019-11-29 22:04:21] EDIT FGXRat/views/campaigns/show.html: -1
[2019-11-29 22:04:50] EDIT FGXRat/views/campaigns/show.html: 11
[2019-11-29 22:06:03] EDIT FGXRat/controllers/campaigns.py: 0
[2019-11-29 22:07:16] EDIT FGXRat/controllers/campaigns.py: 0
[2019-11-29 22:08:57] EDIT FGXRat/controllers/campaigns.py: 0
[2019-11-29 22:09:46] EDIT FGXRat/controllers/campaigns.py: 0
[2019-11-29 22:10:48] EDIT FGXRat/views/campaigns/show.html: 0
[2019-11-29 22:11:16] EDIT FGXRat/views/campaigns/show.html: 0
[2019-11-29 22:11:48] EDIT FGXRat/controllers/campaigns.py: 0
[2019-11-29 22:11:54] EDIT FGXRat/controllers/campaigns.py: 0
[2019-11-29 22:12:42] CREATE hosts.py: 0
[2019-11-29 22:13:34] EDIT FGXRat/controllers/hosts.py: 2
[2019-11-29 22:14:08] EDIT FGXRat/controllers/hosts.py: 0
[2019-11-29 22:14:30] CREATE hosts/index.html: 0
[2019-11-29 22:15:17] EDIT FGXRat/views/hosts/index.html: 41
[2019-11-29 22:16:37] EDIT FGXRat/controllers/hosts.py: 0
[2019-11-29 22:17:09] EDIT FGXRat/controllers/hosts.py: 0
[2019-11-29 22:18:10] EDIT FGXRat/views/hosts/index.html: 0
[2019-11-29 22:18:32] CREATE hosts/show.html: 0
[2019-11-29 22:23:12] EDIT FGXRat/controllers/hosts.py: 10
[2019-11-29 22:35:00] EDIT FGXRat/views/campaigns/show.html: 0
[2019-11-29 22:35:58] EDIT FGXRat/controllers/hosts.py: 0
[2019-11-29 22:36:51] EDIT FGXRat/views/campaigns/show.html: 0
[2019-11-29 22:37:04] EDIT FGXRat/views/campaigns/show.html: 0
[2019-11-29 22:37:34] EDIT FGXRat/views/campaigns/show.html: 2
[2019-11-29 22:38:59] EDIT FGXRat/views/campaigns/show.html: 0
[2019-11-29 22:39:26] EDIT FGXRat/controllers/hosts.py: 10
[2019-11-29 22:40:04] EDIT FGXRat/views/campaigns/show.html: 0
[2019-11-29 22:40:42] EDIT FGXRat/views/campaigns/show.html: 0
[2019-11-29 22:42:15] EDIT FGXRat/views/campaigns/show.html: 0
[2019-11-29 22:42:28] EDIT FGXRat/views/campaigns/show.html: 0
[2019-11-29 22:46:05] EDIT FGXRat/views/campaigns/show.html: 0
[2019-11-29 22:50:36] EDIT FGXRat/views/hosts/show.html: 47
[2019-11-29 22:51:34] EDIT FGXRat/controllers/hosts.py: 5
[2019-11-29 22:55:05] EDIT FGXRat/views/hosts/show.html: 1
[2019-11-29 22:56:47] EDIT FGXRat/controllers/hosts.py: 4
[2019-11-29 22:57:36] EDIT FGXRat/views/hosts/show.html: 0
[2019-11-29 22:57:59] EDIT FGXRat/controllers/hosts.py: 0
[2019-11-29 22:58:24] EDIT FGXRat/controllers/hosts.py: 0
[2019-11-29 22:58:45] EDIT FGXRat/controllers/hosts.py: 0
[2019-11-29 22:59:03] EDIT FGXRat/controllers/hosts.py: 0
[2019-11-29 22:59:23] EDIT FGXRat/controllers/hosts.py: 0
[2019-11-29 22:59:51] EDIT FGXRat/controllers/hosts.py: 0
[2019-11-29 23:00:40] EDIT FGXRat/controllers/hosts.py: 0
[2019-11-29 23:02:44] EDIT FGXRat/controllers/hosts.py: 0
[2019-11-29 23:03:14] EDIT FGXRat/controllers/hosts.py: 0
[2019-11-29 23:04:09] EDIT FGXRat/controllers/hosts.py: 0
[2019-11-29 23:04:25] EDIT FGXRat/views/hosts/show.html: 0
[2019-11-29 23:04:42] EDIT FGXRat/views/hosts/show.html: 0
[2019-11-29 23:05:31] EDIT FGXRat/views/hosts/show.html: -24
[2019-11-29 23:05:39] EDIT FGXRat/views/hosts/show.html: 24
[2019-11-29 23:05:56] EDIT FGXRat/controllers/hosts.py: 1
[2019-11-29 23:06:02] EDIT FGXRat/controllers/hosts.py: 0
[2019-11-29 23:06:25] EDIT FGXRat/controllers/hosts.py: 1
[2019-11-29 23:06:29] EDIT FGXRat/controllers/hosts.py: 0
[2019-11-29 23:08:44] EDIT FGXRat/views/hosts/show.html: 2
[2019-11-29 23:10:02] EDIT FGXRat/controllers/hosts.py: 0
[2019-11-29 23:10:49] EDIT FGXRat/views/hosts/show.html: 4
[2019-11-29 23:11:11] EDIT FGXRat/views/hosts/show.html: 0
[2019-11-29 23:11:58] EDIT FGXRat/views/hosts/show.html: 0
[2019-11-29 23:12:22] EDIT FGXRat/views/hosts/show.html: 0
[2019-11-29 23:13:07] EDIT FGXRat/views/hosts/show.html: 0
[2019-11-29 23:26:34] EDIT FGXRat/models/fgxrat.py: 0
[2019-11-29 23:26:41] EDIT FGXRat/controllers/hosts.py: 3
[2019-11-29 23:28:29] EDIT FGXRat/controllers/hosts.py: 0
[2019-11-29 23:29:01] EDIT FGXRat/views/hosts/show.html: 0
[2019-11-29 23:29:56] EDIT FGXRat/views/hosts/show.html: 2
[2019-11-29 23:30:38] EDIT FGXRat/views/hosts/show.html: 0
[2019-11-29 23:31:29] EDIT FGXRat/views/hosts/show.html: 0
[2019-11-29 23:32:02] EDIT FGXRat/views/hosts/show.html: 0
[2019-11-29 23:32:21] EDIT FGXRat/views/hosts/show.html: 0
[2019-11-29 23:39:16] EDIT FGXRat/controllers/hosts.py: 1
[2019-11-29 23:39:51] EDIT FGXRat/controllers/hosts.py: 0
[2019-11-29 23:39:57] EDIT FGXRat/controllers/hosts.py: 0
[2019-11-29 23:40:03] EDIT FGXRat/controllers/hosts.py: 0
[2019-11-29 23:40:15] EDIT FGXRat/controllers/hosts.py: 0
[2019-11-29 23:42:03] EDIT FGXRat/views/hosts/show.html: 12
[2019-11-29 23:42:15] EDIT FGXRat/views/hosts/show.html: 0
[2019-11-29 23:42:40] EDIT FGXRat/views/hosts/show.html: 0
[2019-11-29 23:44:14] EDIT FGXRat/controllers/hosts.py: 0
[2019-11-29 23:46:21] EDIT FGXRat/controllers/hosts.py: 0
[2019-11-30 00:15:16] EDIT FGXRat/models/menu.py: 1
[2019-11-30 00:15:39] EDIT FGXRat/models/menu.py: -94
[2019-11-30 00:38:15] EDIT FGXRat/controllers/hosts.py: 1
[2019-11-30 00:44:43] EDIT FGXRat/views/hosts/show.html: 0
[2019-11-30 00:44:58] EDIT FGXRat/controllers/hosts.py: 0
[2019-11-30 00:45:59] EDIT FGXRat/views/hosts/show.html: 0
[2019-11-30 00:48:20] EDIT FGXRat/models/fgxrat.py: 1
[2019-11-30 00:48:32] EDIT FGXRat/models/fgxrat.py: 0
[2019-11-30 00:48:52] EDIT FGXRat/views/hosts/show.html: 0
[2019-11-30 00:49:05] EDIT FGXRat/controllers/hosts.py: 0
[2019-11-30 00:49:30] EDIT FGXRat/views/hosts/show.html: 0
[2019-11-30 00:55:18] EDIT FGXRat/views/hosts/show.html: 13
[2019-11-30 00:58:59] EDIT FGXRat/views/hosts/show.html: 5
[2019-11-30 00:59:41] EDIT FGXRat/views/hosts/show.html: 0
[2019-11-30 01:00:31] EDIT FGXRat/views/hosts/show.html: 0
[2019-11-30 01:02:13] EDIT FGXRat/controllers/hosts.py: 1
[2019-11-30 01:03:14] EDIT FGXRat/views/hosts/show.html: 0
[2019-11-30 01:05:25] EDIT FGXRat/controllers/hosts.py: 5
[2019-11-30 01:06:22] EDIT FGXRat/controllers/hosts.py: 1
[2019-11-30 01:06:26] EDIT FGXRat/controllers/hosts.py: 0
[2019-11-30 01:06:43] EDIT FGXRat/views/hosts/show.html: 0
[2019-11-30 01:07:47] EDIT FGXRat/views/hosts/show.html: 1
[2019-11-30 01:08:28] EDIT FGXRat/views/hosts/show.html: 0
[2019-11-30 01:09:14] EDIT FGXRat/views/hosts/show.html: 0
[2019-11-30 01:10:13] EDIT FGXRat/views/hosts/show.html: -25
[2019-11-30 01:11:48] EDIT FGXRat/views/hosts/show.html: 23
[2019-11-30 01:12:33] EDIT FGXRat/views/hosts/show.html: 1
[2019-11-30 01:12:51] EDIT FGXRat/views/hosts/show.html: -6
[2019-11-30 01:13:57] EDIT FGXRat/views/hosts/show.html: 4
[2019-11-30 01:14:03] EDIT FGXRat/views/hosts/show.html: 0
[2019-11-30 01:14:13] EDIT FGXRat/views/hosts/show.html: 0
[2019-11-30 01:14:27] EDIT FGXRat/views/hosts/show.html: 0
[2019-11-30 01:14:37] EDIT FGXRat/views/hosts/show.html: 0
[2019-11-30 01:14:47] EDIT FGXRat/views/hosts/show.html: 0
[2019-11-30 01:15:01] EDIT FGXRat/views/hosts/show.html: 0
[2019-11-30 01:16:29] EDIT FGXRat/views/hosts/show.html: 1
[2019-11-30 01:17:31] EDIT FGXRat/views/campaigns/show.html: 1
[2019-11-30 01:18:44] EDIT FGXRat/views/campaigns/show.html: 0
[2019-11-30 01:19:51] EDIT FGXRat/views/campaigns/show.html: 0
[2019-11-30 01:20:37] EDIT FGXRat/views/campaigns/show.html: 0
[2019-11-30 01:21:05] EDIT FGXRat/views/campaigns/show.html: -1
[2019-11-30 01:21:27] EDIT FGXRat/views/campaigns/show.html: -1
[2019-11-30 01:23:41] EDIT FGXRat/controllers/hosts.py: 0
[2019-11-30 01:24:25] EDIT FGXRat/views/hosts/show.html: 0
[2019-11-30 01:28:10] EDIT FGXRat/controllers/campaigns.py: 2
[2019-11-30 01:28:58] EDIT FGXRat/controllers/campaigns.py: 0
[2019-12-02 00:21:56] EDIT FGXRat/views/campaigns/show.html: 3
[2019-12-02 00:22:23] EDIT FGXRat/views/campaigns/show.html: 1
[2019-12-02 00:23:15] EDIT FGXRat/views/campaigns/show.html: 2
[2019-12-02 00:35:16] EDIT FGXRat/views/campaigns/show.html: 4
[2019-12-02 00:35:50] EDIT FGXRat/views/campaigns/show.html: 0
[2019-12-02 00:36:15] EDIT FGXRat/views/campaigns/show.html: 0
[2019-12-02 00:36:39] EDIT FGXRat/views/campaigns/show.html: 1
[2019-12-02 00:37:08] EDIT FGXRat/views/campaigns/show.html: 1
[2019-12-02 00:37:14] EDIT FGXRat/views/campaigns/show.html: 0
[2019-12-02 00:39:11] EDIT FGXRat/views/campaigns/show.html: 0
[2019-12-02 00:44:33] EDIT FGXRat/views/campaigns/show.html: 2
[2019-12-02 01:00:16] EDIT FGXRat/controllers/campaigns.py: 2
[2019-12-02 01:01:03] EDIT FGXRat/views/campaigns/show.html: 0
[2019-12-02 01:02:07] EDIT FGXRat/views/campaigns/show.html: -1
[2019-12-02 01:03:54] EDIT FGXRat/views/campaigns/show.html: 2
[2019-12-02 01:04:38] EDIT FGXRat/views/campaigns/show.html: 1
[2019-12-02 01:06:51] EDIT FGXRat/views/campaigns/show.html: 0
[2019-12-02 01:07:43] EDIT FGXRat/views/campaigns/show.html: 5
[2019-12-02 01:08:51] EDIT FGXRat/views/campaigns/show.html: 1
[2019-12-02 01:10:43] EDIT FGXRat/views/campaigns/show.html: -8
[2019-12-02 01:11:27] EDIT FGXRat/views/campaigns/show.html: 1
[2019-12-02 01:13:14] EDIT FGXRat/views/campaigns/show.html: 0
[2019-12-02 01:16:20] EDIT FGXRat/views/campaigns/show.html: 0
[2019-12-02 01:19:17] EDIT FGXRat/views/campaigns/show.html: 0
[2019-12-02 01:19:37] EDIT FGXRat/views/campaigns/show.html: 0
[2019-12-02 01:23:05] EDIT FGXRat/views/campaigns/show.html: 1
[2019-12-02 01:24:43] EDIT FGXRat/views/campaigns/show.html: 0
[2019-12-02 01:25:43] EDIT FGXRat/views/campaigns/show.html: 0
[2019-12-02 01:26:36] EDIT FGXRat/views/campaigns/show.html: 0
[2019-12-02 01:29:24] EDIT FGXRat/views/campaigns/show.html: -1
[2019-12-02 01:29:37] EDIT FGXRat/views/campaigns/show.html: 0
[2019-12-02 01:30:56] EDIT FGXRat/views/campaigns/show.html: -2
[2019-12-02 01:48:12] EDIT FGXRat/controllers/campaigns.py: -2
[2019-12-02 01:49:57] EDIT FGXRat/controllers/campaigns.py: 0
[2019-12-02 01:50:14] EDIT FGXRat/controllers/campaigns.py: 0
[2019-12-02 01:57:45] EDIT FGXRat/models/fgxrat.py: 1
[2019-12-02 02:03:34] EDIT FGXRat/models/fgxrat.py: 0
[2019-12-02 02:04:08] EDIT FGXRat/models/fgxrat.py: 0
[2019-12-02 02:05:22] EDIT FGXRat/models/fgxrat.py: 0
[2019-12-02 02:07:40] EDIT FGXRat/models/fgxrat.py: 0
[2019-12-02 02:08:11] EDIT FGXRat/models/fgxrat.py: 0
[2019-12-02 02:16:12] EDIT FGXRat/models/fgxrat.py: 3
[2019-12-02 02:26:28] EDIT FGXRat/models/fgxrat.py: 0
[2019-12-02 02:26:50] EDIT FGXRat/models/fgxrat.py: 0
[2019-12-02 02:27:21] EDIT FGXRat/models/fgxrat.py: 0
[2019-12-02 02:34:02] EDIT FGXRat/models/fgxrat.py: 1
[2019-12-02 02:34:10] EDIT FGXRat/models/fgxrat.py: 0
[2019-12-02 02:35:18] EDIT FGXRat/models/fgxrat.py: 0
[2019-12-02 02:35:48] EDIT FGXRat/models/fgxrat.py: 0
[2019-12-02 02:35:58] EDIT FGXRat/models/fgxrat.py: 0
[2019-12-02 02:36:16] EDIT FGXRat/models/fgxrat.py: 0
[2019-12-02 02:37:13] EDIT FGXRat/models/fgxrat.py: -1
[2019-12-02 02:46:41] EDIT FGXRat/views/campaigns/show.html: 3
[2019-12-02 02:50:25] EDIT FGXRat/views/campaigns/show.html: 4
[2019-12-02 02:51:00] EDIT FGXRat/views/campaigns/show.html: 0
[2019-12-02 02:51:43] EDIT FGXRat/views/campaigns/show.html: 0
[2019-12-02 02:52:37] EDIT FGXRat/views/campaigns/show.html: 1
[2019-12-02 02:53:05] EDIT FGXRat/views/campaigns/show.html: 0
[2019-12-02 02:54:09] EDIT FGXRat/views/campaigns/show.html: -1
[2019-12-02 02:54:21] EDIT FGXRat/views/campaigns/show.html: 0
[2019-12-02 02:55:14] EDIT FGXRat/views/campaigns/show.html: 6
[2019-12-02 02:56:04] EDIT FGXRat/views/campaigns/show.html: 1
[2019-12-02 02:56:20] EDIT FGXRat/views/campaigns/show.html: 0
[2019-12-02 02:56:58] EDIT FGXRat/views/campaigns/show.html: 0
[2019-12-02 02:57:16] EDIT FGXRat/views/campaigns/show.html: 0
[2019-12-02 02:59:33] EDIT FGXRat/controllers/campaigns.py: -1
[2019-12-02 03:00:51] EDIT FGXRat/views/campaigns/show.html: 0
[2019-12-02 03:02:19] EDIT FGXRat/views/campaigns/show.html: 0
[2019-12-02 03:02:56] EDIT FGXRat/views/campaigns/show.html: 0
[2019-12-02 03:06:31] EDIT FGXRat/models/fgxrat.py: 5
[2019-12-02 03:06:55] EDIT FGXRat/controllers/campaigns.py: 0
[2019-12-02 03:09:53] EDIT FGXRat/controllers/campaigns.py: 2
[2019-12-02 03:10:25] EDIT FGXRat/views/campaigns/show.html: -12
[2019-12-02 03:10:40] EDIT FGXRat/controllers/campaigns.py: 0
[2019-12-02 03:12:08] EDIT FGXRat/controllers/campaigns.py: 0
[2019-12-02 03:12:56] EDIT FGXRat/controllers/campaigns.py: 0
[2019-12-02 03:14:23] EDIT FGXRat/models/fgxrat.py: 0
[2019-12-02 03:18:15] EDIT FGXRat/views/campaigns/show.html: 8
[2019-12-02 03:18:30] EDIT FGXRat/views/campaigns/show.html: -1
[2019-12-02 03:19:04] EDIT FGXRat/views/campaigns/show.html: 0
[2019-12-02 03:19:50] EDIT FGXRat/views/campaigns/show.html: 1
[2019-12-02 03:22:01] EDIT FGXRat/views/campaigns/show.html: 4
[2019-12-02 03:25:51] EDIT FGXRat/views/campaigns/show.html: 4
[2019-12-02 03:29:20] EDIT FGXRat/views/campaigns/show.html: 2
[2019-12-02 03:30:47] EDIT FGXRat/views/campaigns/show.html: 4
[2019-12-02 03:32:12] EDIT FGXRat/views/campaigns/show.html: 0
[2019-12-02 03:35:18] EDIT FGXRat/views/campaigns/show.html: -4
[2019-12-02 03:35:29] EDIT FGXRat/views/campaigns/show.html: 0
[2019-12-02 03:37:10] EDIT FGXRat/views/campaigns/show.html: 0
[2019-12-02 03:37:14] EDIT FGXRat/views/campaigns/show.html: 0
[2019-12-02 03:37:29] EDIT FGXRat/views/campaigns/show.html: 0
[2019-12-02 03:38:36] EDIT FGXRat/views/campaigns/show.html: 0
[2019-12-02 03:39:25] EDIT FGXRat/views/campaigns/show.html: 3
[2019-12-02 03:40:20] EDIT FGXRat/views/campaigns/show.html: 2
[2019-12-02 03:42:14] EDIT FGXRat/views/campaigns/show.html: 0
[2019-12-02 03:42:28] CREATE server.py: 0
[2019-12-02 03:44:47] EDIT FGXRat/controllers/server.py: 8
[2019-12-02 03:45:07] CREATE server/logs.html: 0
[2019-12-02 03:46:37] EDIT FGXRat/views/server/logs.html: 24
[2019-12-02 03:47:54] EDIT FGXRat/controllers/server.py: 0
[2019-12-02 03:48:44] EDIT FGXRat/views/server/logs.html: 0
[2019-12-02 03:49:15] EDIT FGXRat/views/server/logs.html: 0
[2019-12-02 04:02:38] EDIT FGXRat/views/campaigns/show.html: 13
[2019-12-02 04:03:03] EDIT FGXRat/views/campaigns/show.html: 0
[2019-12-02 04:04:47] EDIT FGXRat/views/campaigns/show.html: 1
[2019-12-02 04:17:07] EDIT FGXRat/views/campaigns/show.html: 0
[2019-12-02 04:17:39] DELETE FGXRat/views/campaigns/show.html.1: -60
[2019-12-02 04:17:52] CREATE campaigns/show.load: 0
[2019-12-02 04:20:24] EDIT FGXRat/views/campaigns/show.load: 14
[2019-12-02 04:20:35] EDIT FGXRat/views/campaigns/show.load: -20
[2019-12-02 04:21:11] EDIT FGXRat/views/campaigns/show.html: -13
[2019-12-02 04:21:22] EDIT FGXRat/views/campaigns/show.load: 0
[2019-12-02 04:23:28] EDIT FGXRat/views/campaigns/show.load: 0
[2019-12-02 04:23:50] EDIT FGXRat/views/campaigns/show.html: 0
[2019-12-02 04:24:44] EDIT FGXRat/views/campaigns/show.html: 0
[2019-12-02 04:25:35] EDIT FGXRat/views/campaigns/show.html: 0
[2019-12-02 04:25:50] EDIT FGXRat/views/campaigns/show.load: 0
[2019-12-02 04:25:54] EDIT FGXRat/views/campaigns/show.html: 0
[2019-12-02 04:25:56] EDIT FGXRat/views/campaigns/show.load: 0
[2019-12-02 04:26:22] EDIT FGXRat/views/campaigns/show.html: 0
[2019-12-02 04:26:44] EDIT FGXRat/views/campaigns/show.html: 0
[2019-12-02 04:29:57] EDIT FGXRat/views/campaigns/show.html: 0
[2019-12-02 04:31:16] EDIT FGXRat/views/campaigns/show.load: 0
[2019-12-02 04:31:41] EDIT FGXRat/views/campaigns/show.html: 0
[2019-12-02 04:32:20] EDIT FGXRat/views/campaigns/show.load: 0
[2019-12-02 04:32:46] EDIT FGXRat/views/campaigns/show.load: -2
[2019-12-02 04:32:58] EDIT FGXRat/views/campaigns/show.html: 2
[2019-12-02 04:34:19] EDIT FGXRat/views/campaigns/show.load: 0
[2019-12-02 04:34:52] EDIT FGXRat/views/campaigns/show.html: 0
[2019-12-02 04:38:58] EDIT FGXRat/controllers/hosts.py: 2
[2019-12-02 08:45:12] EDIT FGXRat/controllers/campaigns.py: 1
[2019-12-02 08:45:47] EDIT FGXRat/controllers/campaigns.py: 1
[2019-12-02 08:47:00] EDIT FGXRat/models/fgxrat.py: 0
[2019-12-02 08:47:41] EDIT FGXRat/controllers/campaigns.py: 0
[2019-12-02 09:02:33] EDIT FGXRat/controllers/campaigns.py: 6
[2019-12-02 09:02:43] EDIT FGXRat/controllers/campaigns.py: 0
[2019-12-02 09:03:32] EDIT FGXRat/controllers/campaigns.py: 0
[2019-12-02 09:03:53] EDIT FGXRat/controllers/campaigns.py: 0
[2019-12-02 09:04:08] EDIT FGXRat/controllers/campaigns.py: 0
[2019-12-02 09:05:22] EDIT FGXRat/models/fgxrat.py: 3
[2019-12-02 09:05:31] EDIT FGXRat/models/fgxrat.py: 0
[2019-12-02 09:07:42] EDIT FGXRat/controllers/campaigns.py: 5
[2019-12-02 09:09:43] EDIT FGXRat/models/fgxrat.py: 0
[2019-12-02 09:10:01] EDIT FGXRat/models/fgxrat.py: 0
[2019-12-02 09:10:23] EDIT FGXRat/models/fgxrat.py: 0
[2019-12-02 09:11:08] EDIT FGXRat/models/fgxrat.py: 0
[2019-12-02 09:11:21] EDIT FGXRat/models/fgxrat.py: 0
[2019-12-02 09:11:33] EDIT FGXRat/models/fgxrat.py: 0
[2019-12-02 09:11:48] EDIT FGXRat/models/fgxrat.py: 0
[2019-12-02 09:23:42] EDIT FGXRat/controllers/campaigns.py: 2
[2019-12-02 09:23:53] EDIT FGXRat/controllers/campaigns.py: 1
[2019-12-02 09:24:09] EDIT FGXRat/controllers/campaigns.py: 0
[2019-12-02 09:24:14] EDIT FGXRat/controllers/campaigns.py: 0
[2019-12-02 09:28:15] EDIT FGXRat/views/campaigns/show.html: 15
[2019-12-02 09:28:18] EDIT FGXRat/controllers/campaigns.py: 0
[2019-12-02 09:30:30] EDIT FGXRat/views/campaigns/show.html: 0
[2019-12-02 09:32:17] EDIT FGXRat/views/campaigns/show.html: 0
[2019-12-02 09:35:17] EDIT FGXRat/views/campaigns/show.html: 3
[2019-12-02 09:36:45] EDIT FGXRat/controllers/campaigns.py: 0
[2019-12-02 09:37:27] EDIT FGXRat/models/fgxrat.py: 0
[2019-12-02 10:03:00] EDIT FGXRat/models/fgxrat.py: 0
[2019-12-02 10:04:17] EDIT FGXRat/models/db.py: 0
[2019-12-02 10:04:33] EDIT FGXRat/models/db.py: 0
[2019-12-02 10:05:25] EDIT FGXRat/models/db.py: 0
[2019-12-02 10:05:44] EDIT FGXRat/models/db.py: 0
[2019-12-02 10:07:20] EDIT FGXRat/models/fgxrat.py: 0
[2019-12-02 10:27:59] EDIT FGXRat/controllers/campaigns.py: 2
[2019-12-02 10:28:43] EDIT FGXRat/controllers/campaigns.py: 1
[2019-12-02 10:30:28] EDIT FGXRat/controllers/campaigns.py: 1
[2019-12-02 10:31:19] EDIT FGXRat/controllers/campaigns.py: 0
[2019-12-02 10:32:43] EDIT FGXRat/controllers/campaigns.py: 0
[2019-12-02 10:43:02] EDIT FGXRat/controllers/campaigns.py: 2
[2019-12-02 10:44:26] EDIT FGXRat/controllers/campaigns.py: 0
[2019-12-02 10:54:30] EDIT FGXRat/controllers/campaigns.py: 0
[2019-12-02 10:55:34] EDIT FGXRat/controllers/campaigns.py: 0
[2019-12-02 10:57:30] EDIT FGXRat/controllers/campaigns.py: 1
[2019-12-02 11:02:03] EDIT FGXRat/controllers/campaigns.py: 0
[2019-12-02 11:02:42] EDIT FGXRat/controllers/campaigns.py: 0
[2019-12-02 11:02:52] EDIT FGXRat/controllers/campaigns.py: 0
[2019-12-02 11:04:24] EDIT FGXRat/controllers/campaigns.py: 0
[2019-12-02 11:05:12] EDIT FGXRat/controllers/campaigns.py: 0
[2019-12-02 11:21:58] EDIT FGXRat/controllers/campaigns.py: 0
[2019-12-02 11:22:23] EDIT FGXRat/controllers/campaigns.py: 0
[2019-12-02 11:41:49] EDIT FGXRat/controllers/campaigns.py: -2
[2019-12-02 12:07:40] EDIT FGXRat/views/campaigns/show.html: -20
[2019-12-02 12:09:11] EDIT FGXRat/views/campaigns/show.html: -1
[2019-12-02 12:09:34] EDIT FGXRat/views/campaigns/show.html: 0
[2019-12-02 12:10:04] EDIT FGXRat/views/campaigns/show.html: 0
[2019-12-02 12:10:38] EDIT FGXRat/views/campaigns/show.html: 0
[2019-12-02 12:10:58] EDIT FGXRat/views/campaigns/show.html: 0
[2019-12-02 12:12:52] EDIT FGXRat/views/campaigns/show.html: -18
[2019-12-02 12:17:34] EDIT FGXRat/views/campaigns/show.html: 0
[2019-12-02 12:19:32] EDIT FGXRat/views/campaigns/show.html: 5
[2019-12-02 12:21:05] EDIT FGXRat/views/campaigns/show.html: 0
[2019-12-02 12:24:55] EDIT FGXRat/views/campaigns/show.html: 1
[2019-12-02 12:25:46] EDIT FGXRat/views/campaigns/show.html: 0
[2019-12-02 13:29:24] EDIT FGXRat/controllers/campaigns.py: 29
[2019-12-02 13:31:06] EDIT FGXRat/models/fgxrat.py: 0
[2019-12-02 13:32:03] EDIT FGXRat/controllers/campaigns.py: 1
[2019-12-02 13:32:36] EDIT FGXRat/controllers/campaigns.py: -1
[2019-12-02 13:33:36] EDIT FGXRat/controllers/campaigns.py: 1
[2019-12-02 13:34:38] EDIT FGXRat/controllers/campaigns.py: 0
[2019-12-02 13:35:09] EDIT FGXRat/controllers/campaigns.py: 2
[2019-12-02 13:35:21] EDIT FGXRat/controllers/campaigns.py: 0
[2019-12-02 13:36:43] EDIT FGXRat/controllers/campaigns.py: 0
[2019-12-02 13:42:22] EDIT FGXRat/controllers/campaigns.py: 4
[2019-12-02 13:43:47] EDIT FGXRat/controllers/campaigns.py: 3
[2019-12-02 13:46:06] EDIT FGXRat/controllers/campaigns.py: 1
[2019-12-02 13:46:16] EDIT FGXRat/controllers/campaigns.py: 1
[2019-12-02 13:46:50] EDIT FGXRat/controllers/campaigns.py: -1
[2019-12-02 13:51:21] EDIT FGXRat/controllers/campaigns.py: 7
[2019-12-02 13:51:34] EDIT FGXRat/controllers/campaigns.py: 0
[2019-12-02 13:55:43] EDIT FGXRat/controllers/campaigns.py: 0
[2019-12-02 13:57:51] EDIT FGXRat/controllers/campaigns.py: 1
[2019-12-02 13:58:33] EDIT FGXRat/controllers/campaigns.py: 1
[2019-12-02 13:58:53] EDIT FGXRat/controllers/campaigns.py: 0
[2019-12-02 13:59:32] EDIT FGXRat/controllers/campaigns.py: -4
[2019-12-02 15:49:15] EDIT fgxrat/models/__init__.py: 0
[2019-12-02 15:54:57] EDIT fgxrat/models/__init__.py: 0
[2019-12-03 10:36:12] EDIT fgxrat/controllers/campaigns.py: 0
[2019-12-03 14:08:57] EDIT fgxrat/views/campaigns/show.load: 0
[2019-12-03 14:21:29] CREATE hosts/queue.load: 0
[2019-12-03 14:24:27] EDIT fgxrat/views/hosts/queue.load: -15
[2019-12-03 14:25:55] EDIT fgxrat/views/hosts/show.html: -4
[2019-12-03 14:26:15] EDIT fgxrat/views/hosts/show.html: 0
[2019-12-03 14:26:25] EDIT fgxrat/views/hosts/queue.load: 0
[2019-12-03 14:28:11] EDIT fgxrat/controllers/hosts.py: 3
[2019-12-03 14:29:52] EDIT fgxrat/views/hosts/queue.load: 3
[2019-12-03 14:30:05] EDIT fgxrat/views/hosts/show.html: -5
[2019-12-03 14:31:23] CREATE hosts/executed.load: 0
[2019-12-03 14:32:16] EDIT fgxrat/views/hosts/executed.load: -15
[2019-12-03 14:32:53] EDIT fgxrat/views/hosts/show.html: -4
[2019-12-03 14:37:17] EDIT fgxrat/controllers/hosts.py: 3
[2019-12-03 14:38:08] EDIT fgxrat/views/hosts/executed.load: 0
[2019-12-03 14:52:20] EDIT fgxrat/controllers/campaigns.py: 4
[2019-12-03 15:26:01] EDIT fgxrat/controllers/campaigns.py: 0
[2019-12-03 15:45:39] EDIT fgxrat/controllers/campaigns.py: 2
[2019-12-03 15:53:24] EDIT fgxrat/controllers/campaigns.py: 3
[2019-12-03 15:53:50] EDIT fgxrat/controllers/campaigns.py: 0
[2019-12-03 15:55:38] EDIT fgxrat/controllers/campaigns.py: 2
[2019-12-03 16:29:27] EDIT fgxrat/controllers/campaigns.py: 0
[2019-12-03 16:30:36] EDIT fgxrat/controllers/campaigns.py: 0
[2019-12-03 16:35:25] EDIT fgxrat/controllers/campaigns.py: 1
[2019-12-04 14:11:12] EDIT fgxrat/controllers/campaigns.py: 0
[2019-12-04 14:53:21] EDIT fgxrat/views/hosts/show.html: -2
[2019-12-04 14:54:09] EDIT fgxrat/views/hosts/show.html: -2
[2019-12-04 14:56:28] EDIT fgxrat/views/hosts/show.html: 1
[2019-12-04 14:56:59] EDIT fgxrat/views/hosts/show.html: 0
[2019-12-04 14:59:06] EDIT fgxrat/controllers/hosts.py: 0
[2019-12-04 15:00:34] EDIT fgxrat/views/hosts/show.html: 2
[2019-12-04 15:01:05] EDIT fgxrat/views/hosts/show.html: 0
[2019-12-04 15:01:27] EDIT fgxrat/views/hosts/show.html: 1
[2019-12-04 15:02:12] EDIT fgxrat/views/hosts/show.html: 0
[2019-12-04 15:02:19] EDIT fgxrat/views/hosts/show.html: 0
[2019-12-04 15:02:26] EDIT fgxrat/views/hosts/show.html: 0
[2020-01-14 19:08:19] EDIT fgxrat/controllers/campaigns.py: 1
[2020-01-14 19:08:36] EDIT fgxrat/controllers/campaigns.py: 0
[2020-01-14 19:11:50] EDIT fgxrat/controllers/campaigns.py: 0
[2020-01-14 19:37:44] EDIT fgxrat/controllers/campaigns.py: 4
[2020-01-14 19:37:46] EDIT fgxrat/controllers/campaigns.py: 0
[2020-01-14 19:38:11] EDIT fgxrat/controllers/campaigns.py: 0
[2020-01-14 19:39:16] EDIT fgxrat/controllers/campaigns.py: 0
[2020-01-14 19:42:54] EDIT fgxrat/private/Program.cs: 0
[2020-01-14 19:50:39] EDIT fgxrat/controllers/campaigns.py: -4
[2020-01-14 19:52:35] EDIT fgxrat/private/Program.cs: 0
[2020-01-15 19:44:37] EDIT fgxrat/views/hosts/show.html: -4
[2020-01-15 19:50:24] EDIT fgxrat/controllers/hosts.py: 1
[2020-01-15 19:54:14] EDIT fgxrat/views/campaigns/show.html: -1
[2020-01-15 19:58:45] EDIT fgxrat/views/campaigns/show.load: 0
[2020-01-15 19:59:22] EDIT fgxrat/views/campaigns/show.load: 0
[2020-01-15 20:00:10] EDIT fgxrat/views/campaigns/show.load: 0
[2020-01-15 20:00:18] EDIT fgxrat/views/campaigns/show.load: 0
[2020-01-15 20:01:44] EDIT fgxrat/views/campaigns/show.load: 0
[2020-01-15 20:03:44] EDIT fgxrat/modules/sqlite.py: 0
[2020-01-15 20:04:08] EDIT fgxrat/modules/sqlite.py: 0
[2020-01-15 20:09:08] EDIT fgxrat/controllers/campaigns.py: 52
[2020-01-15 20:09:58] EDIT fgxrat/views/campaigns/show.html: 1
[2020-01-15 20:10:35] EDIT fgxrat/controllers/campaigns.py: 0
[2020-01-15 20:16:56] CREATE files.py: 0
[2020-01-15 20:36:30] EDIT fgxrat/controllers/files.py: 22
[2020-01-15 20:44:02] EDIT fgxrat/controllers/files.py: -6
[2020-01-15 20:45:37] EDIT fgxrat/controllers/files.py: 0
[2020-01-15 20:47:26] EDIT fgxrat/controllers/files.py: 0
[2020-01-15 20:48:17] CREATE files/show.html: 0
[2020-01-15 20:52:57] EDIT fgxrat/controllers/files.py: 0
[2020-01-15 20:53:59] EDIT fgxrat/views/files/show.html: 45
[2020-01-15 20:55:05] CREATE files/queue.load: 0
[2020-01-15 20:57:40] EDIT fgxrat/views/files/queue.load: -12
[2020-01-15 21:06:43] EDIT fgxrat/controllers/files.py: -6
[2020-01-15 21:06:57] EDIT fgxrat/controllers/files.py: 0
[2020-01-15 21:14:45] EDIT fgxrat/controllers/files.py: 0
[2020-01-15 21:15:58] EDIT fgxrat/views/files/show.html: 0
[2020-01-15 21:21:33] EDIT fgxrat/views/files/show.html: 0
[2020-01-15 21:22:33] EDIT fgxrat/views/files/show.html: 0
[2020-01-15 21:25:58] EDIT fgxrat/controllers/files.py: 0
[2020-01-15 21:27:50] EDIT fgxrat/views/files/show.html: 0
[2020-01-15 21:31:47] EDIT fgxrat/models/fgxrat.py: 0
[2020-01-15 21:32:56] EDIT fgxrat/controllers/files.py: 2
[2020-01-15 21:34:31] EDIT fgxrat/controllers/files.py: 0
[2020-01-15 22:07:40] EDIT fgxrat/controllers/files.py: 2
[2020-01-15 22:08:31] EDIT fgxrat/views/files/show.html: 0
[2020-01-15 22:14:21] EDIT fgxrat/controllers/files.py: 1
[2020-01-15 22:15:19] EDIT fgxrat/controllers/files.py: -1
[2020-01-15 22:17:31] EDIT fgxrat/controllers/files.py: 2
[2020-01-15 22:19:15] EDIT fgxrat/controllers/files.py: 5
[2020-01-15 22:20:11] EDIT fgxrat/controllers/files.py: 2
[2020-01-15 22:22:20] EDIT fgxrat/controllers/files.py: 0
[2020-01-15 22:22:46] EDIT fgxrat/controllers/files.py: 0
[2020-01-15 22:24:53] EDIT fgxrat/views/hosts/show.html: 0
[2020-01-15 22:25:30] EDIT fgxrat/views/hosts/show.html: 0
[2020-01-15 22:26:48] EDIT fgxrat/views/hosts/show.html: 1
[2020-01-15 22:27:26] EDIT fgxrat/views/hosts/show.html: 0
[2020-01-15 22:27:40] EDIT fgxrat/views/hosts/show.html: 0
[2020-01-15 22:29:07] EDIT fgxrat/views/files/show.html: -3
[2020-01-15 22:29:27] EDIT fgxrat/views/files/show.html: 0
[2020-01-15 22:30:26] EDIT fgxrat/views/files/show.html: 0
[2020-01-15 22:31:08] EDIT fgxrat/controllers/files.py: 1
[2020-01-15 22:31:28] EDIT fgxrat/views/files/show.html: 0
[2020-01-15 22:31:34] EDIT fgxrat/controllers/files.py: -1
[2020-01-15 22:38:16] EDIT fgxrat/controllers/files.py: 1
[2020-01-15 22:39:17] EDIT fgxrat/controllers/files.py: 0
[2020-01-15 22:39:36] EDIT fgxrat/controllers/files.py: 0
[2020-01-15 22:39:47] EDIT fgxrat/controllers/files.py: 0
[2020-01-15 22:40:59] EDIT fgxrat/controllers/files.py: 0
[2020-01-15 22:41:15] EDIT fgxrat/controllers/files.py: 0
[2020-01-16 12:00:53] EDIT fgxrat/models/fgxrat.py: 1
[2020-01-16 12:02:48] EDIT fgxrat/controllers/files.py: 2
[2020-01-16 12:02:54] EDIT fgxrat/controllers/files.py: 0
[2020-01-16 12:03:25] EDIT fgxrat/models/fgxrat.py: 0
[2020-01-16 12:09:38] EDIT fgxrat/controllers/files.py: 0
[2020-01-16 12:11:07] EDIT fgxrat/views/files/queue.load: 0
[2020-01-16 12:12:03] EDIT fgxrat/models/fgxrat.py: 0
[2020-01-16 12:54:43] EDIT fgxrat/controllers/files.py: 0
[2020-01-16 12:55:18] EDIT fgxrat/controllers/files.py: 0
[2020-01-16 12:58:09] EDIT fgxrat/controllers/files.py: -8
[2020-01-16 12:58:33] EDIT fgxrat/controllers/files.py: 0
[2020-01-16 12:59:13] EDIT fgxrat/models/fgxrat.py: 1
[2020-01-16 13:00:21] EDIT fgxrat/controllers/files.py: 0
[2020-01-16 13:00:54] EDIT fgxrat/controllers/files.py: 1
[2020-01-16 13:06:08] EDIT fgxrat/models/fgxrat.py: 0
[2020-01-16 13:06:13] EDIT fgxrat/models/fgxrat.py: 0
[2020-01-16 13:07:21] EDIT fgxrat/models/fgxrat.py: 0
[2020-01-16 13:07:48] EDIT fgxrat/models/fgxrat.py: 0
[2020-01-16 13:09:30] EDIT fgxrat/views/files/queue.load: 0
[2020-01-16 13:10:13] EDIT fgxrat/views/files/queue.load: 0
[2020-01-16 16:16:33] EDIT fgxrat/controllers/files.py: 0
[2020-01-16 16:57:07] EDIT fgxrat/controllers/hosts.py: 0
[2020-01-16 17:00:30] CREATE sendfiles.py: 0
[2020-01-16 17:01:04] EDIT fgxrat/controllers/sendfiles.py: 23
[2020-01-16 17:01:35] CREATE sendfiles/send.html: 0
[2020-01-16 17:03:07] EDIT fgxrat/views/sendfiles/send.html: 42
[2020-01-16 17:03:38] EDIT fgxrat/views/hosts/show.html: 0
[2020-01-16 17:04:41] CREATE sendfiles/list.load: 0
[2020-01-16 17:08:28] EDIT fgxrat/controllers/sendfiles.py: 4
[2020-01-16 17:09:00] EDIT fgxrat/controllers/sendfiles.py: 0
[2020-01-16 17:14:15] DELETE fgxrat/controllers/files.py: -24
[2020-01-16 17:14:25] DELETE fgxrat/views/files/show.html: -45
[2020-01-16 17:15:21] EDIT fgxrat/views/sendfiles/list.load: -12
[2020-01-16 17:17:27] EDIT fgxrat/views/files/queue.load: 0
[2020-01-16 17:18:06] EDIT fgxrat/views/sendfiles/list.load: 0
[2020-01-16 17:22:18] EDIT fgxrat/controllers/sendfiles.py: 0
[2020-01-16 17:23:01] EDIT fgxrat/views/sendfiles/list.load: 0
[2020-01-16 17:26:19] EDIT fgxrat/views/sendfiles/list.load: 0
[2020-01-16 17:26:19] EDIT fgxrat/views/sendfiles/list.load: 0
[2020-01-16 17:33:43] CREATE asd.html: 0
[2020-01-16 17:34:38] EDIT fgxrat/views/sendfiles/send.html: 1
[2020-01-16 17:40:32] EDIT fgxrat/controllers/sendfiles.py: 1
[2020-01-16 17:41:49] EDIT fgxrat/controllers/sendfiles.py: 0
[2020-01-16 17:48:18] EDIT fgxrat/views/sendfiles/send.html: 1
[2020-01-16 17:49:47] EDIT fgxrat/controllers/sendfiles.py: 0
[2020-01-16 17:52:23] EDIT fgxrat/controllers/sendfiles.py: 0
[2020-01-16 17:53:46] EDIT fgxrat/views/sendfiles/send.html: 1
[2020-01-16 17:54:53] EDIT fgxrat/views/sendfiles/send.html: 0
[2020-01-16 17:57:42] EDIT fgxrat/views/sendfiles/send.html: -2
[2020-01-16 17:59:08] EDIT fgxrat/views/sendfiles/send.html: 2
[2020-01-16 17:59:51] EDIT fgxrat/controllers/sendfiles.py: 0
[2020-01-16 18:00:48] EDIT fgxrat/views/sendfiles/send.html: -3
[2020-01-16 18:12:04] EDIT fgxrat/controllers/campaigns.py: 2
[2020-01-16 18:13:10] EDIT fgxrat/controllers/campaigns.py: 2
[2020-01-16 18:14:02] EDIT fgxrat/controllers/sendfiles.py: -1
[2020-01-16 18:17:58] EDIT fgxrat/models/fgxrat.py: 0
[2020-01-16 18:19:21] EDIT fgxrat/controllers/sendfiles.py: -1
[2020-01-16 18:21:53] EDIT fgxrat/controllers/sendfiles.py: 1
[2020-01-16 18:22:05] EDIT fgxrat/views/sendfiles/send.html: 0
[2020-01-16 22:48:16] EDIT fgxrat/models/fgxrat.py: 0
[2020-01-16 23:00:02] DELETE fgxrat/views/files/queue.load: -8
[2020-01-16 23:00:36] EDIT fgxrat/views/sendfiles/list.load: 0
[2020-01-16 23:04:37] EDIT fgxrat/controllers/sendfiles.py: 0
[2020-01-16 23:05:38] EDIT fgxrat/controllers/sendfiles.py: 1
[2020-01-16 23:07:00] EDIT fgxrat/models/fgxrat.py: 0
[2020-01-16 23:07:20] EDIT fgxrat/models/fgxrat.py: 0
[2020-01-16 23:59:07] EDIT fgxrat/models/fgxrat.py: 11
[2020-01-17 00:02:59] EDIT fgxrat/controllers/sendfiles.py: 0
[2020-01-17 00:30:25] EDIT fgxrat/models/fgxrat.py: -11
[2020-01-17 00:31:22] EDIT fgxrat/controllers/sendfiles.py: 0
[2020-01-17 00:52:16] EDIT fgxrat/models/fgxrat.py: 0
[2020-01-17 12:20:08] EDIT fgxrat/views/sendfiles/send.html: 1
[2020-01-17 12:24:21] EDIT fgxrat/views/sendfiles/send.html: 0
[2020-01-17 12:24:51] EDIT fgxrat/views/sendfiles/send.html: 0
[2020-01-17 12:25:21] EDIT fgxrat/views/sendfiles/send.html: 0
[2020-01-17 12:27:24] EDIT fgxrat/views/sendfiles/send.html: -1
[2020-01-17 12:27:33] EDIT fgxrat/controllers/sendfiles.py: 0
[2020-01-23 12:55:24] EDIT fgxrat/views/layout.html: 0
[2020-01-23 13:00:43] EDIT fgxrat/views/layout.html: 0
[2020-01-23 13:00:58] EDIT fgxrat/views/layout.html: 0
[2020-01-23 13:01:14] EDIT fgxrat/views/layout.html: 0
[2020-01-23 13:12:08] EDIT fgxrat/views/layout.html: 0
[2020-01-23 13:25:35] EDIT fgxrat/views/campaigns/index.html: 0
[2020-01-23 13:26:16] EDIT fgxrat/views/campaigns/index.html: 0
[2020-01-23 13:28:08] EDIT fgxrat/views/campaigns/show.html: 0
[2020-01-23 13:29:01] EDIT fgxrat/views/hosts/index.html: 0
[2020-01-23 13:29:17] EDIT fgxrat/views/hosts/show.html: 0
[2020-01-23 13:29:41] EDIT fgxrat/views/sendfiles/send.html: 0
[2020-01-23 13:30:34] EDIT fgxrat/views/campaigns/show.html: 0
[2020-01-23 13:32:40] EDIT fgxrat/views/default/user.html: 8
[2020-01-23 13:33:11] EDIT fgxrat/views/default/user.html: -3
[2020-01-23 14:52:41] EDIT fgxrat/controllers/campaigns.py: 0
[2020-01-23 15:09:09] EDIT fgxrat/controllers/campaigns.py: 1
[2020-01-23 15:09:51] EDIT fgxrat/controllers/campaigns.py: 5
[2020-01-23 15:27:46] EDIT fgxrat/controllers/hosts.py: 7
[2020-01-23 15:28:11] EDIT fgxrat/controllers/sendfiles.py: 2
[2020-01-23 15:28:31] EDIT fgxrat/controllers/server.py: 2
[2020-01-23 15:39:49] EDIT fgxrat/models/db.py: -2
[2020-01-23 15:48:11] EDIT fgxrat/models/db.py: 4
[2020-01-23 15:48:17] EDIT fgxrat/models/db.py: 0
[2020-01-23 15:48:30] EDIT fgxrat/models/db.py: 0
[2020-01-23 15:54:42] EDIT fgxrat/models/db.py: 1
[2020-01-27 17:37:00] EDIT fgxrat/models/fgxrat.py: 1
[2020-01-27 21:26:46] EDIT fgxrat/views/hosts/show.html: -2
[2020-01-27 21:30:50] EDIT fgxrat/views/hosts/show.html: 0
[2020-01-27 21:31:20] EDIT fgxrat/views/hosts/show.html: 0
[2020-01-27 21:31:44] EDIT fgxrat/views/hosts/show.html: 0
[2020-01-27 21:33:21] EDIT fgxrat/views/hosts/show.html: 0
[2020-01-27 21:33:57] EDIT fgxrat/views/hosts/show.html: 0
[2020-01-27 21:34:31] EDIT fgxrat/views/hosts/show.html: 0
[2020-01-27 21:37:44] EDIT fgxrat/views/hosts/show.html: 0
[2020-01-27 21:40:29] EDIT fgxrat/views/hosts/show.html: 1
[2020-01-27 21:46:44] EDIT fgxrat/views/hosts/show.html: 0
[2020-01-27 21:46:59] CREATE terminate.py: 0
[2020-01-27 21:47:26] CREATE terminate/index.html: 0
[2020-01-27 21:48:56] EDIT fgxrat/controllers/terminate.py: 7
[2020-01-27 21:50:04] EDIT fgxrat/views/terminate/index.html: 5
[2020-01-27 21:52:08] EDIT fgxrat/views/terminate/index.html: 3
[2020-01-27 21:52:49] EDIT fgxrat/views/hosts/show.html: 0
[2020-01-27 21:53:06] EDIT fgxrat/views/terminate/index.html: 2
[2020-01-27 21:54:36] EDIT fgxrat/views/terminate/index.html: 4
[2020-01-27 21:55:01] EDIT fgxrat/views/terminate/index.html: -1
[2020-01-27 21:55:44] EDIT fgxrat/views/terminate/index.html: 0
[2020-01-27 21:55:53] EDIT fgxrat/views/terminate/index.html: -2
[2020-01-27 21:56:59] EDIT fgxrat/views/terminate/index.html: 0
[2020-01-27 21:57:52] EDIT fgxrat/views/terminate/index.html: 0
[2020-01-27 21:58:16] EDIT fgxrat/views/terminate/index.html: 0
[2020-01-27 21:58:40] EDIT fgxrat/views/terminate/index.html: 0
[2020-01-27 21:59:05] EDIT fgxrat/views/terminate/index.html: 0
[2020-01-27 21:59:49] EDIT fgxrat/views/terminate/index.html: 2
[2020-01-27 22:01:01] EDIT fgxrat/views/terminate/index.html: 0
[2020-01-27 22:01:18] EDIT fgxrat/views/terminate/index.html: 0
[2020-01-27 22:02:17] EDIT fgxrat/views/hosts/show.html: -1
[2020-01-27 22:06:14] EDIT fgxrat/controllers/terminate.py: 5
[2020-01-27 22:06:23] EDIT fgxrat/controllers/terminate.py: 0
[2020-01-27 22:06:45] EDIT fgxrat/views/terminate/index.html: 0
[2020-01-27 22:08:15] EDIT fgxrat/controllers/terminate.py: 0
[2020-01-27 22:08:32] EDIT fgxrat/controllers/terminate.py: -4
[2020-01-27 22:08:52] EDIT fgxrat/controllers/terminate.py: 3
[2020-01-27 22:09:19] EDIT fgxrat/controllers/terminate.py: 1
[2020-01-27 22:09:33] EDIT fgxrat/controllers/terminate.py: -2
[2020-01-27 22:09:45] EDIT fgxrat/controllers/terminate.py: 1
[2020-01-27 22:09:59] EDIT fgxrat/controllers/terminate.py: 1
[2020-01-27 22:10:17] EDIT fgxrat/controllers/terminate.py: 0
[2020-01-27 22:11:54] EDIT fgxrat/controllers/terminate.py: 2
[2020-01-27 22:14:25] EDIT fgxrat/views/terminate/index.html: -1
[2020-01-27 22:14:54] EDIT fgxrat/views/terminate/index.html: 0
[2020-01-27 22:15:04] EDIT fgxrat/views/terminate/index.html: 0
[2020-01-27 22:15:36] EDIT fgxrat/views/terminate/index.html: 0
[2020-01-27 22:16:56] EDIT fgxrat/views/terminate/index.html: 0
[2020-01-27 22:18:19] EDIT fgxrat/views/terminate/index.html: 0
[2020-01-27 22:18:44] EDIT fgxrat/views/terminate/index.html: 0
[2020-01-27 22:19:01] EDIT fgxrat/views/terminate/index.html: 0
[2020-01-27 22:19:10] EDIT fgxrat/views/terminate/index.html: 0
[2020-01-27 22:19:17] EDIT fgxrat/views/terminate/index.html: 0
[2020-01-27 22:19:35] EDIT fgxrat/views/terminate/index.html: 0
[2020-01-27 22:23:37] EDIT fgxrat/models/fgxrat.py: 1
[2020-01-27 22:27:16] EDIT fgxrat/views/hosts/show.html: 0
[2020-01-27 22:29:17] EDIT fgxrat/controllers/terminate.py: 1
[2020-01-27 22:29:27] EDIT fgxrat/controllers/terminate.py: 0
[2020-01-27 22:29:42] EDIT fgxrat/controllers/terminate.py: 1
[2020-01-27 22:29:48] EDIT fgxrat/controllers/terminate.py: -2
[2020-01-27 22:30:02] EDIT fgxrat/controllers/terminate.py: 0
[2020-01-27 22:30:17] EDIT fgxrat/controllers/hosts.py: 0
[2020-01-27 22:32:13] EDIT fgxrat/views/hosts/show.html: 0
[2020-01-27 22:40:00] EDIT fgxrat/controllers/terminate.py: 4
[2020-01-27 22:42:16] EDIT fgxrat/controllers/terminate.py: 0
[2020-01-27 22:44:59] EDIT fgxrat/controllers/terminate.py: -1
[2020-01-27 22:45:55] EDIT fgxrat/views/hosts/show.html: 0
[2020-01-27 22:46:11] EDIT fgxrat/views/hosts/show.html: 0
[2020-01-27 22:47:17] EDIT fgxrat/views/hosts/show.html: 0
[2020-01-27 22:48:22] EDIT fgxrat/views/hosts/show.html: 0
[2020-01-27 22:48:28] EDIT fgxrat/views/hosts/show.html: 0
[2020-01-27 22:49:56] EDIT fgxrat/controllers/campaigns.py: 0
[2020-01-27 22:53:35] EDIT fgxrat/views/campaigns/show.load: 1
[2020-01-27 22:53:45] EDIT fgxrat/views/campaigns/show.load: 0
[2020-01-27 22:54:32] EDIT fgxrat/views/campaigns/show.html: 1
[2020-01-27 22:55:32] EDIT fgxrat/views/campaigns/show.html: 0
[2020-01-27 22:58:19] EDIT fgxrat/views/campaigns/show.html: -1
[2020-01-27 22:59:18] EDIT fgxrat/views/campaigns/show.html: 0
[2020-01-27 23:00:20] EDIT fgxrat/views/campaigns/show.html: 0
[2020-01-27 23:00:37] EDIT fgxrat/views/campaigns/show.html: 0
[2020-01-27 23:00:55] EDIT fgxrat/views/campaigns/show.html: 0
[2020-01-27 23:01:30] EDIT fgxrat/views/campaigns/show.html: 0
[2020-01-27 23:01:52] EDIT fgxrat/views/campaigns/show.html: 0
[2020-01-27 23:02:40] EDIT fgxrat/views/campaigns/show.html: 0
[2020-01-27 23:03:16] EDIT fgxrat/views/campaigns/show.html: 0
[2020-01-27 23:04:12] EDIT fgxrat/views/campaigns/show.html: 0
[2020-01-27 23:04:25] EDIT fgxrat/views/campaigns/show.html: 0
[2020-01-28 10:27:14] EDIT fgxrat/controllers/terminate.py: 0
[2020-01-28 10:29:19] EDIT fgxrat/views/hosts/show.html: 0
[2020-01-28 16:18:27] EDIT fgxrat/views/campaigns/show.html: 0
[2020-01-28 16:19:05] EDIT fgxrat/views/campaigns/show.html: 0
[2020-01-28 16:21:13] EDIT fgxrat/views/campaigns/show.html: 2
[2020-01-28 16:22:11] EDIT fgxrat/views/campaigns/show.html: -2
[2020-01-28 16:22:32] EDIT fgxrat/views/campaigns/show.html: 0
[2020-01-28 16:23:01] EDIT fgxrat/views/campaigns/show.html: 0
[2020-01-28 16:23:28] EDIT fgxrat/views/campaigns/show.html: 0
[2020-01-28 16:24:15] EDIT fgxrat/views/campaigns/show.html: -1
[2020-01-28 16:24:44] EDIT fgxrat/views/campaigns/show.html: -1
[2020-01-28 16:25:36] EDIT fgxrat/views/campaigns/show.html: 2
[2020-01-28 16:25:56] EDIT fgxrat/views/campaigns/show.html: -9
[2020-01-28 16:26:57] EDIT fgxrat/controllers/campaigns.py: 0
[2020-01-28 16:28:41] EDIT fgxrat/views/campaigns/show.html: 0
[2020-01-28 16:37:37] EDIT fgxrat/controllers/campaigns.py: -1
[2020-01-28 16:47:17] CREATE server/index.html: 0
[2020-01-28 16:48:13] EDIT fgxrat/views/server/logs.html: -14
[2020-01-28 16:51:38] EDIT fgxrat/views/server/index.html: 11
[2020-01-28 16:51:59] EDIT fgxrat/controllers/server.py: 5
[2020-01-28 16:52:52] EDIT fgxrat/controllers/server.py: 0
[2020-01-28 16:52:53] EDIT fgxrat/controllers/server.py: 0
[2020-01-28 16:53:48] EDIT fgxrat/controllers/server.py: 9
[2020-01-28 16:54:24] EDIT fgxrat/controllers/server.py: 1
[2020-01-28 16:55:09] EDIT fgxrat/views/terminate/index.html: 0
[2020-01-28 16:55:21] EDIT fgxrat/views/campaigns/index.html: 0
[2020-01-28 16:55:29] EDIT fgxrat/views/server/index.html: 0
[2020-01-28 16:56:46] EDIT fgxrat/views/default/index.html: 0
[2020-01-28 16:57:08] EDIT fgxrat/views/default/index.html: 3
[2020-01-28 16:58:03] EDIT fgxrat/controllers/server.py: 1
[2020-01-28 17:00:43] EDIT fgxrat/views/server/index.html: 0
[2020-01-28 17:01:16] EDIT fgxrat/views/server/index.html: 0
[2020-01-28 17:03:59] EDIT fgxrat/views/server/index.html: 0
[2020-01-28 17:04:25] EDIT fgxrat/views/server/index.html: -1
[2020-01-28 17:05:28] EDIT fgxrat/views/server/index.html: 1
[2020-01-28 17:06:34] EDIT fgxrat/views/server/index.html: 0
[2020-01-28 17:07:01] EDIT fgxrat/views/server/index.html: 0
[2020-01-28 17:07:25] EDIT fgxrat/views/server/index.html: 0
[2020-01-28 17:08:00] EDIT fgxrat/views/server/index.html: 0
[2020-01-28 17:09:00] EDIT fgxrat/views/server/index.html: 2
[2020-01-28 17:09:34] EDIT fgxrat/views/server/index.html: 2
[2020-01-28 17:11:02] EDIT fgxrat/views/server/index.html: 8
[2020-01-28 17:15:25] EDIT fgxrat/models/fgxrat.py: 7
[2020-01-28 17:23:21] EDIT fgxrat/controllers/server.py: 77
[2020-01-28 17:23:55] EDIT fgxrat/views/server/index.html: 0
[2020-01-28 17:24:55] EDIT fgxrat/views/server/index.html: 1
[2020-01-28 17:28:24] EDIT fgxrat/models/fgxrat.py: -4
[2020-01-28 17:29:37] EDIT fgxrat/controllers/server.py: -4
[2020-01-28 17:29:50] EDIT fgxrat/models/fgxrat.py: -1
[2020-01-28 17:30:53] EDIT fgxrat/controllers/campaigns.py: -80
[2020-01-28 17:33:48] EDIT fgxrat/controllers/campaigns.py: 3
[2020-01-28 17:34:25] EDIT fgxrat/controllers/campaigns.py: 0
[2020-01-28 17:34:47] EDIT fgxrat/controllers/campaigns.py: 0
[2020-01-28 17:36:17] EDIT fgxrat/controllers/campaigns.py: 2
[2020-01-28 17:37:14] EDIT fgxrat/controllers/campaigns.py: 0
[2020-01-28 17:38:36] EDIT fgxrat/controllers/server.py: 2
[2020-01-28 17:45:04] EDIT fgxrat/controllers/server.py: -17
[2020-01-28 17:45:21] EDIT fgxrat/controllers/server.py: 0
[2020-01-28 17:45:58] EDIT fgxrat/controllers/server.py: 0
[2020-01-28 17:47:07] EDIT fgxrat/views/server/index.html: 3
[2020-01-28 17:47:55] EDIT fgxrat/controllers/server.py: 1
[2020-01-28 17:49:26] EDIT fgxrat/controllers/server.py: 1
[2020-01-29 10:50:58] DELETE fgxrat/controllers/server.py: -87
[2020-01-29 10:51:10] CREATE server.py: 0
[2020-01-29 12:06:04] EDIT fgxrat/controllers/server.py: 86
[2020-01-29 14:31:03] EDIT fgxrat/controllers/server.py: 0
[2020-01-29 14:53:12] EDIT fgxrat/controllers/server.py: 0
[2020-01-29 15:01:28] EDIT fgxrat/controllers/server.py: 1
[2020-01-29 15:05:50] EDIT fgxrat/controllers/server.py: 2
[2020-01-29 15:08:12] EDIT fgxrat/views/server/index.html: 1
[2020-01-29 15:09:48] EDIT fgxrat/controllers/server.py: 1
[2020-01-29 15:10:15] EDIT fgxrat/controllers/server.py: 0
[2020-01-29 15:31:21] EDIT fgxrat/models/fgxrat.py: 1
[2020-01-29 15:39:02] EDIT fgxrat/controllers/server.py: 1
[2020-01-29 15:39:24] EDIT fgxrat/models/fgxrat.py: 0
[2020-01-29 15:48:36] EDIT fgxrat/views/server/index.html: 0
[2020-01-29 15:50:10] EDIT fgxrat/views/server/index.html: -1
[2020-01-29 15:51:45] EDIT fgxrat/controllers/server.py: 2
[2020-01-29 16:01:26] EDIT fgxrat/controllers/server.py: 0
[2020-01-29 16:02:37] EDIT fgxrat/controllers/server.py: 0
[2020-01-29 16:03:00] EDIT fgxrat/controllers/campaigns.py: 1
[2020-01-29 16:03:16] EDIT fgxrat/controllers/server.py: 1
[2020-01-29 16:04:31] EDIT fgxrat/controllers/server.py: 3
[2020-01-29 16:08:13] EDIT fgxrat/controllers/server.py: 1
[2020-01-29 16:10:24] EDIT fgxrat/controllers/campaigns.py: 0
[2020-01-29 16:10:26] EDIT fgxrat/controllers/server.py: 1
[2020-01-29 16:11:57] EDIT fgxrat/controllers/server.py: 1
[2020-01-29 16:12:03] EDIT fgxrat/controllers/server.py: 0
[2020-01-29 16:13:48] EDIT fgxrat/models/fgxrat.py: 0
[2020-01-29 16:14:46] EDIT fgxrat/models/fgxrat.py: 0
[2020-01-29 18:55:48] EDIT fgxrat/controllers/server.py: 0
[2020-01-29 18:56:07] EDIT fgxrat/views/server/index.html: 0
[2020-01-29 18:56:45] EDIT fgxrat/controllers/server.py: 0
[2020-01-29 18:57:15] EDIT fgxrat/views/server/index.html: 0
[2020-01-29 18:58:04] EDIT fgxrat/controllers/server.py: 0
[2020-01-29 19:03:00] EDIT fgxrat/controllers/server.py: 5
[2020-01-29 19:04:09] EDIT fgxrat/views/server/index.html: 0
[2020-01-29 19:05:04] EDIT fgxrat/views/server/index.html: 0
[2020-01-29 19:05:47] EDIT fgxrat/controllers/server.py: 0
[2020-01-29 19:06:39] EDIT fgxrat/controllers/server.py: 0
[2020-01-29 19:07:03] EDIT fgxrat/controllers/server.py: 0
[2020-01-29 19:07:27] EDIT fgxrat/views/server/index.html: 0
[2020-01-29 19:07:45] EDIT fgxrat/views/server/index.html: 0
[2020-01-29 19:08:14] EDIT fgxrat/views/server/index.html: 0
[2020-01-29 19:08:27] EDIT fgxrat/models/fgxrat.py: -1
[2020-01-29 19:10:11] EDIT fgxrat/views/server/index.html: 0
[2020-01-29 19:10:24] EDIT fgxrat/views/server/index.html: 0
[2020-01-29 19:11:25] EDIT fgxrat/controllers/server.py: 1
[2020-01-29 19:12:51] EDIT fgxrat/views/server/index.html: 0
[2020-01-29 19:14:26] EDIT fgxrat/controllers/server.py: 0
[2020-01-29 19:16:27] EDIT fgxrat/controllers/server.py: 1
[2020-01-29 19:17:24] EDIT fgxrat/controllers/server.py: 0
[2020-01-29 19:41:52] EDIT fgxrat/models/fgxrat.py: 1
[2020-01-29 19:42:24] EDIT fgxrat/controllers/server.py: 0
[2020-01-29 19:44:32] EDIT fgxrat/controllers/server.py: 0
[2020-01-29 19:57:08] EDIT fgxrat/models/fgxrat.py: -2
[2020-01-29 19:57:20] EDIT fgxrat/models/fgxrat.py: 0
[2020-01-29 20:10:19] EDIT fgxrat/controllers/campaigns.py: 10
[2020-01-29 20:10:36] EDIT fgxrat/controllers/campaigns.py: 0
[2020-01-29 20:11:03] EDIT fgxrat/controllers/campaigns.py: 0
[2020-01-29 20:11:11] EDIT fgxrat/controllers/campaigns.py: 0
[2020-01-29 20:12:08] EDIT fgxrat/controllers/campaigns.py: -2
[2020-01-29 20:12:28] EDIT fgxrat/controllers/campaigns.py: 0
[2020-01-29 20:13:05] EDIT fgxrat/controllers/campaigns.py: 0
[2020-01-29 20:14:32] EDIT fgxrat/controllers/campaigns.py: -1
[2020-01-29 20:14:46] EDIT fgxrat/controllers/campaigns.py: 0
[2020-01-29 20:17:49] EDIT fgxrat/controllers/campaigns.py: -41
[2020-01-29 20:19:35] EDIT fgxrat/modules/__init__.py: 9
[2020-01-29 20:19:48] EDIT fgxrat/modules/__init__.py: 0
[2020-01-29 20:20:30] EDIT fgxrat/modules/__init__.py: 0
[2020-01-29 20:20:36] EDIT fgxrat/modules/__init__.py: 0
[2020-01-29 20:20:55] EDIT fgxrat/modules/__init__.py: 0
[2020-01-29 20:23:27] CREATE global.py: 0
[2020-01-29 20:23:39] EDIT fgxrat/modules/global.py: 8
[2020-01-29 20:24:36] EDIT fgxrat/controllers/server.py: 0
[2020-01-29 20:24:55] DELETE fgxrat/modules/global.py: -9
[2020-01-29 20:26:03] EDIT fgxrat/views/campaigns/index.html: -14
[2020-01-29 20:26:27] EDIT fgxrat/views/campaigns/show.html: -14
[2020-01-29 20:26:41] EDIT fgxrat/views/campaigns/show.html: 0
[2020-01-29 20:27:09] EDIT fgxrat/views/campaigns/index.html: 0
[2020-01-29 20:28:59] EDIT fgxrat/controllers/campaigns.py: 4
[2020-01-29 20:29:31] EDIT fgxrat/controllers/campaigns.py: 0
[2020-01-29 20:30:37] EDIT fgxrat/views/campaigns/index.html: 2
[2020-01-29 20:30:53] EDIT fgxrat/views/campaigns/index.html: -3
[2020-01-29 20:31:17] EDIT fgxrat/views/campaigns/index.html: 0
[2020-01-29 20:31:54] EDIT fgxrat/views/campaigns/index.html: 2
[2020-01-29 20:41:23] EDIT fgxrat/models/fgxrat.py: 2
[2020-01-29 20:42:07] EDIT fgxrat/models/fgxrat.py: 0
[2020-01-29 20:44:48] EDIT fgxrat/models/fgxrat.py: 1
[2020-01-29 20:45:32] EDIT fgxrat/models/fgxrat.py: 0
[2020-01-29 20:45:47] EDIT fgxrat/models/fgxrat.py: 0
[2020-01-29 20:46:20] EDIT fgxrat/models/fgxrat.py: 0
[2020-01-29 20:46:43] EDIT fgxrat/models/fgxrat.py: 0
[2020-01-29 20:47:26] EDIT fgxrat/views/server/index.html: 0
[2020-01-29 20:49:08] EDIT fgxrat/models/fgxrat.py: 0
[2020-01-29 20:51:08] EDIT fgxrat/models/fgxrat.py: 0
[2020-01-29 20:54:24] EDIT fgxrat/controllers/server.py: 3
[2020-01-29 20:54:50] EDIT fgxrat/views/server/index.html: 0
[2020-01-29 20:55:06] EDIT fgxrat/controllers/server.py: 0
[2020-01-29 21:03:25] EDIT fgxrat/controllers/server.py: -4
[2020-01-29 21:04:27] EDIT fgxrat/controllers/server.py: 0
[2020-01-29 21:07:48] EDIT fgxrat/controllers/server.py: 0
[2020-01-29 21:09:26] EDIT fgxrat/models/fgxrat.py: 0
[2020-01-29 21:15:54] EDIT fgxrat/views/server/index.html: 0
[2020-01-29 21:17:22] EDIT fgxrat/views/server/index.html: 1
[2020-01-29 21:19:15] EDIT fgxrat/controllers/server.py: 3
[2020-01-29 21:19:32] EDIT fgxrat/views/server/index.html: 0
[2020-01-29 21:20:19] EDIT fgxrat/controllers/server.py: 0
[2020-01-29 21:21:09] EDIT fgxrat/controllers/server.py: 0
[2020-01-30 08:08:36] DELETE fgxrat/views/asd.html: -3
[2020-01-30 08:09:27] EDIT fgxrat/views/default/index.html: -14
[2020-01-30 08:10:14] EDIT fgxrat/views/server/index.html: 0
[2020-01-30 08:10:35] EDIT fgxrat/views/campaigns/index.html: 0
[2020-01-30 08:10:43] EDIT fgxrat/views/campaigns/show.html: 0
[2020-01-30 08:11:11] EDIT fgxrat/controllers/campaigns.py: 1
[2020-01-30 08:13:00] EDIT fgxrat/views/default/user.html: 0
[2020-01-30 08:14:15] EDIT fgxrat/views/layout.html: 0
[2020-01-30 08:14:27] EDIT fgxrat/views/layout.html: 0
[2020-01-30 08:17:11] EDIT fgxrat/views/default/user.html: 1
[2020-01-30 08:18:18] EDIT fgxrat/views/default/user.html: 0
[2020-01-30 08:20:54] EDIT fgxrat/views/default/user.html: 0
[2020-01-30 08:21:46] EDIT fgxrat/views/default/user.html: 0
[2020-01-30 08:23:01] EDIT fgxrat/views/default/user.html: 0
[2020-01-30 08:23:12] EDIT fgxrat/views/default/user.html: 0
[2020-01-30 08:24:00] EDIT fgxrat/views/default/user.html: 0
[2020-01-30 08:24:26] EDIT fgxrat/views/default/user.html: -1
[2020-01-30 08:25:46] CREATE login_layout.html: 0
[2020-01-30 08:26:54] EDIT fgxrat/views/login_layout.html: 102
[2020-01-30 08:27:30] EDIT fgxrat/views/login_layout.html: -1
[2020-01-30 08:27:58] EDIT fgxrat/views/default/user.html: 0
[2020-01-30 08:28:52] EDIT fgxrat/views/login_layout.html: -1
[2020-01-30 08:29:09] EDIT fgxrat/views/default/user.html: 0
[2020-01-30 08:29:39] EDIT fgxrat/views/default/user.html: 0
[2020-01-30 08:30:42] EDIT fgxrat/views/default/user.html: 0
[2020-01-30 08:31:02] EDIT fgxrat/views/default/user.html: 0
[2020-01-30 08:32:23] EDIT fgxrat/views/default/user.html: 1
[2020-01-30 08:32:56] EDIT fgxrat/views/default/user.html: 0
[2020-01-30 08:33:16] EDIT fgxrat/views/default/user.html: -2
[2020-01-30 08:33:31] EDIT fgxrat/views/default/user.html: 0
[2020-01-30 08:33:40] EDIT fgxrat/views/default/user.html: 0
[2020-01-30 08:33:52] EDIT fgxrat/views/default/user.html: 0
[2020-01-30 08:34:51] EDIT fgxrat/views/default/index.html: 0
[2020-01-30 08:34:55] EDIT fgxrat/views/hosts/index.html: 0
[2020-01-30 08:34:59] EDIT fgxrat/views/hosts/show.html: 0
[2020-01-30 08:35:03] EDIT fgxrat/views/sendfiles/send.html: 0
[2020-01-30 08:35:09] EDIT fgxrat/views/terminate/index.html: 0
[2020-01-30 08:35:57] EDIT fgxrat/models/menu.py: 0
[2020-01-30 08:36:32] EDIT fgxrat/models/menu.py: 1
[2020-01-30 08:40:49] EDIT fgxrat/views/layout.html: 0
[2020-01-30 08:41:15] EDIT fgxrat/views/layout.html: 0
[2020-01-30 08:43:01] EDIT fgxrat/views/layout.html: 0
[2020-01-30 08:43:27] EDIT fgxrat/views/layout.html: 0
[2020-01-30 08:43:40] EDIT fgxrat/views/layout.html: 0
[2020-01-30 08:44:01] EDIT fgxrat/views/layout.html: 0
[2020-01-30 08:44:25] EDIT fgxrat/views/layout.html: 0
[2020-01-30 08:45:23] EDIT fgxrat/views/layout.html: 1
[2020-01-30 08:46:13] EDIT fgxrat/views/layout.html: -1
[2020-01-30 08:59:51] EDIT fgxrat/models/menu.py: 0
[2020-01-30 09:00:47] EDIT fgxrat/views/default/user.html: 0
[2020-01-30 09:01:38] EDIT fgxrat/views/layout.html: 0
[2020-01-30 09:07:06] EDIT fgxrat/views/layout.html: 0
[2020-01-30 09:07:54] EDIT fgxrat/views/layout.html: 0
[2020-01-30 09:08:46] EDIT fgxrat/views/layout.html: 0
[2020-01-30 09:09:31] EDIT fgxrat/views/layout.html: 0
[2020-01-30 09:10:38] EDIT fgxrat/views/layout.html: 0
[2020-01-30 09:12:13] EDIT fgxrat/views/layout.html: 0
[2020-01-30 09:12:43] EDIT fgxrat/views/layout.html: 0
[2020-01-30 09:12:55] EDIT fgxrat/views/layout.html: 0
[2020-01-30 09:18:17] EDIT fgxrat/views/layout.html: -3
[2020-01-30 09:19:17] EDIT fgxrat/views/hosts/index.html: 0
[2020-01-30 09:19:32] EDIT fgxrat/views/default/index.html: 0
[2020-01-30 15:32:34] EDIT fgxrat/views/layout.html: 0
[2020-01-30 15:40:13] EDIT fgxrat/ABOUT: 0
[2020-01-30 15:42:52] EDIT fgxrat/LICENSE: 21
[2020-01-30 16:04:36] CREATE returningpatient.py: 0
[2020-01-30 16:13:40] EDIT ReturningPatient/models/returningpatient.py: 61
[2020-01-30 16:13:48] DELETE ReturningPatient/models/fgxrat.py: -61
[2020-01-30 16:14:11] DELETE ReturningPatient/views/server/logs.html: -13
[2020-01-30 16:14:21] DELETE ReturningPatient/private/server.log: -20
[2020-01-30 16:14:26] DELETE ReturningPatient/private/Program.cs.bak: -776
[2020-01-30 16:16:11] EDIT ReturningPatient/private/appconfig.ini: -2
[2020-01-30 16:16:27] DELETE ReturningPatient/private/Program2_old.cs: -776
[2020-01-30 16:16:32] DELETE ReturningPatient/private/Program_old.cs: -804
[2020-01-30 16:16:41] DELETE ReturningPatient/private/appconfig.ini.bak: -29
[2020-01-30 16:16:44] DELETE ReturningPatient/private/payload_1.cs: -852
[2020-01-30 16:17:04] DELETE ReturningPatient/private/payload_10.cs: -852
[2020-01-30 16:19:05] EDIT ReturningPatient/controllers/campaigns.py: 0
[2020-01-30 16:27:27] EDIT ReturningPatient/private/Implant.cs: -51
[2020-01-30 16:30:19] EDIT ReturningPatient/controllers/server.py: 0
[2020-01-30 16:32:40] EDIT ReturningPatient/models/db.py: -5
[2020-01-30 16:34:27] EDIT ReturningPatient/models/menu.py: 2
[2020-01-30 16:37:13] EDIT ReturningPatient/models/db.py: 0
[2020-01-30 16:40:23] EDIT ReturningPatient/models/db.py: 0
[2020-01-30 16:40:48] EDIT ReturningPatient/models/menu.py: 0
[2020-01-30 16:50:56] EDIT ReturningPatient/controllers/campaigns.py: 4
[2020-01-30 16:52:08] EDIT ReturningPatient/controllers/campaigns.py: -2
[2020-01-30 16:52:46] EDIT ReturningPatient/controllers/campaigns.py: 1
[2020-01-30 18:16:58] EDIT ReturningPatient/private/Implant.cs: 83
[2020-01-30 18:17:36] EDIT ReturningPatient/private/Implant.cs: 0
[2020-01-30 18:18:53] EDIT ReturningPatient/controllers/server.py: 0
[2020-01-30 18:44:11] EDIT ReturningPatient/controllers/server.py: 0
[2020-01-30 18:57:14] EDIT ReturningPatient/controllers/server.py: 3
[2020-01-30 18:58:22] EDIT ReturningPatient/controllers/server.py: 0
[2020-01-30 19:02:53] EDIT ReturningPatient/controllers/campaigns.py: 0
[2020-01-30 19:04:07] EDIT ReturningPatient/controllers/campaigns.py: 0
[2020-01-30 19:04:22] EDIT ReturningPatient/controllers/campaigns.py: 0
[2020-01-30 19:04:27] EDIT ReturningPatient/controllers/campaigns.py: 0
[2020-01-30 19:05:27] EDIT ReturningPatient/controllers/campaigns.py: 1
[2020-01-30 19:06:31] EDIT ReturningPatient/controllers/campaigns.py: 3
[2020-01-30 19:10:40] EDIT ReturningPatient/controllers/campaigns.py: 6
[2020-01-30 19:11:41] EDIT ReturningPatient/controllers/campaigns.py: 1
[2020-01-30 19:12:45] EDIT ReturningPatient/controllers/campaigns.py: 1
[2020-01-30 19:12:53] EDIT ReturningPatient/controllers/campaigns.py: 0
[2020-01-30 19:13:44] EDIT ReturningPatient/controllers/campaigns.py: 0
[2020-01-30 19:16:58] EDIT ReturningPatient/controllers/campaigns.py: 3
[2020-01-31 11:43:12] EDIT ReturningPatient/models/returningpatient.py: 1
[2020-01-31 11:47:48] EDIT ReturningPatient/controllers/campaigns.py: 4
[2020-01-31 11:51:05] EDIT ReturningPatient/models/__init__.py: -1
[2020-01-31 11:51:50] EDIT ReturningPatient/models/returningpatient.py: 1
[2020-01-31 11:52:24] EDIT ReturningPatient/controllers/server.py: 1
[2020-01-31 11:53:39] EDIT ReturningPatient/controllers/server.py: 0
[2020-01-31 11:56:57] EDIT ReturningPatient/private/Implant.cs: 10
[2020-01-31 11:58:51] EDIT ReturningPatient/controllers/campaigns.py: 1
[2020-01-31 12:01:11] EDIT ReturningPatient/views/campaigns/show.html: 3
[2020-01-31 12:01:25] EDIT ReturningPatient/views/campaigns/show.html: 0
[2020-01-31 12:01:45] EDIT ReturningPatient/views/campaigns/show.html: 0
[2020-01-31 12:02:00] EDIT ReturningPatient/views/campaigns/show.html: 0
[2020-01-31 13:28:55] EDIT ReturningPatient/views/sendfiles/send.html: 0
[2020-01-31 13:31:43] EDIT ReturningPatient/controllers/sendfiles.py: 5
[2020-01-31 13:31:55] EDIT ReturningPatient/controllers/sendfiles.py: 0
[2020-01-31 13:32:04] EDIT ReturningPatient/controllers/sendfiles.py: 0
[2020-01-31 13:35:50] EDIT ReturningPatient/models/returningpatient.py: 0
[2020-01-31 17:32:23] EDIT ReturningPatient/controllers/server.py: 2
[2020-01-31 17:34:37] EDIT ReturningPatient/controllers/campaigns.py: -3
[2020-01-31 18:02:33] EDIT ReturningPatient/controllers/campaigns.py: 0
[2020-01-31 18:03:20] EDIT ReturningPatient/controllers/campaigns.py: 1
[2020-01-31 18:04:01] EDIT ReturningPatient/controllers/campaigns.py: 1
[2020-01-31 18:04:58] EDIT ReturningPatient/controllers/campaigns.py: 0
[2020-01-31 18:05:47] EDIT ReturningPatient/controllers/campaigns.py: -1
[2020-01-31 18:07:03] EDIT ReturningPatient/controllers/campaigns.py: 1
[2020-01-31 18:08:58] EDIT ReturningPatient/controllers/campaigns.py: 0
[2020-01-31 18:31:50] EDIT ReturningPatient/controllers/campaigns.py: -2
[2020-01-31 19:00:26] EDIT ReturningPatient/controllers/campaigns.py: -1
[2020-02-03 10:55:53] EDIT ReturningPatient/controllers/server.py: 2
[2020-02-03 11:05:41] EDIT ReturningPatient/controllers/server.py: 0
[2020-02-03 11:12:22] EDIT ReturningPatient/models/returningpatient.py: 0
[2020-02-03 11:13:34] EDIT ReturningPatient/models/returningpatient.py: 0
[2020-02-03 11:21:22] EDIT ReturningPatient/controllers/server.py: 1
[2020-02-03 11:23:22] EDIT ReturningPatient/models/returningpatient.py: 0
[2020-02-03 13:08:22] EDIT ReturningPatient/views/layout.html: 0
